\BOOKMARK [1][]{section.1}{\376\377\000E\000i\000n\000l\000e\000i\000t\000u\000n\000g}{}% 1
\BOOKMARK [1][]{section.2}{\376\377\000D\000e\000t\000a\000i\000l\000l\000i\000e\000r\000t\000e\000\040\000P\000r\000o\000j\000e\000k\000t\000b\000e\000s\000c\000h\000r\000e\000i\000b\000u\000n\000g}{}% 2
\BOOKMARK [1][]{section.3}{\376\377\000P\000r\000o\000j\000e\000k\000t\000a\000n\000f\000o\000r\000d\000e\000r\000u\000n\000g\000e\000n}{}% 3
\BOOKMARK [2][]{subsection.3.1}{\376\377\000F\000u\000n\000k\000t\000i\000o\000n\000a\000l\000e\000\040\000A\000n\000f\000o\000r\000d\000e\000r\000u\000n\000g\000e\000n}{section.3}% 4
\BOOKMARK [3][]{subsubsection.3.1.1}{\376\377\000L\000F\0001\000:\000\040\000S\000t\000e\000u\000e\000r\000u\000n\000g\000\040\000d\000e\000s\000\040\000C\000u\000r\000s\000o\000r\000s\000\040\000u\000n\000d\000\040\000A\000u\000s\000w\000a\000h\000l\000\040\000e\000i\000n\000e\000s\000\040\000S\000a\000m\000p\000l\000e\000s}{subsection.3.1}% 5
\BOOKMARK [3][]{subsubsection.3.1.2}{\376\377\000L\000F\0002\000:\000\040\000V\000e\000r\000h\000a\000l\000t\000e\000n\000\040\000d\000e\000r\000\040\000F\000a\000d\000e\000r\000\040\000u\000n\000d\000\040\000d\000e\000s\000\040\000D\000i\000s\000p\000l\000a\000y\000s}{subsection.3.1}% 6
\BOOKMARK [2][]{subsection.3.2}{\376\377\000N\000i\000c\000h\000t\000-\000F\000u\000n\000k\000t\000i\000o\000n\000a\000l\000e\000\040\000A\000n\000f\000o\000r\000d\000e\000r\000u\000n\000g\000e\000n}{section.3}% 7
\BOOKMARK [3][]{subsubsection.3.2.1}{\376\377\000P\000e\000r\000f\000o\000r\000m\000a\000n\000c\000e}{subsection.3.2}% 8
\BOOKMARK [3][]{subsubsection.3.2.2}{\376\377\000Z\000u\000v\000e\000r\000l\000\344\000s\000s\000i\000g\000k\000e\000i\000t}{subsection.3.2}% 9
\BOOKMARK [3][]{subsubsection.3.2.3}{\376\377\000B\000e\000n\000u\000t\000z\000e\000r\000f\000r\000e\000u\000n\000d\000l\000i\000c\000h\000k\000e\000i\000t}{subsection.3.2}% 10
\BOOKMARK [3][]{subsubsection.3.2.4}{\376\377\000S\000i\000c\000h\000e\000r\000h\000e\000i\000t}{subsection.3.2}% 11
\BOOKMARK [3][]{subsubsection.3.2.5}{\376\377\000W\000a\000r\000t\000b\000a\000r\000k\000e\000i\000t}{subsection.3.2}% 12
\BOOKMARK [3][]{subsubsection.3.2.6}{\376\377\000P\000o\000r\000t\000a\000b\000i\000l\000i\000t\000\344\000t}{subsection.3.2}% 13
\BOOKMARK [3][]{subsubsection.3.2.7}{\376\377\000E\000f\000f\000i\000z\000i\000e\000n\000z}{subsection.3.2}% 14
\BOOKMARK [3][]{subsubsection.3.2.8}{\376\377\000K\000o\000m\000p\000a\000t\000i\000b\000i\000l\000i\000t\000\344\000t}{subsection.3.2}% 15
\BOOKMARK [1][]{section.4}{\376\377\000S\000p\000e\000z\000i\000f\000i\000k\000a\000t\000i\000o\000n}{}% 16
\BOOKMARK [2][]{subsection.4.1}{\376\377\000A\000r\000c\000h\000i\000t\000e\000k\000t\000u\000r}{section.4}% 17
\BOOKMARK [2][]{subsection.4.2}{\376\377\000T\000e\000c\000h\000n\000i\000s\000c\000h\000e\000\040\000S\000p\000e\000z\000i\000f\000i\000k\000a\000t\000i\000o\000n}{section.4}% 18
\BOOKMARK [3][]{subsubsection.4.2.1}{\376\377\000H\000a\000r\000d\000w\000a\000r\000e}{subsection.4.2}% 19
\BOOKMARK [2][]{subsection.4.3}{\376\377\000S\000c\000h\000n\000i\000t\000t\000s\000t\000e\000l\000l\000e\000n\000b\000e\000s\000c\000h\000r\000e\000i\000b\000u\000n\000g\000\040\000u\000n\000d\000\040\000I\000n\000t\000e\000g\000r\000a\000t\000i\000o\000n\000\040\000d\000e\000r\000\040\000K\000o\000m\000p\000o\000n\000e\000n\000t\000e\000n}{section.4}% 20
\BOOKMARK [1][]{section.5}{\376\377\000D\000u\000r\000c\000h\000f\000\374\000h\000r\000u\000n\000g}{}% 21
\BOOKMARK [1][]{section.6}{\376\377\000T\000e\000s\000t\000\040\000u\000n\000d\000\040\000V\000a\000l\000i\000d\000i\000e\000r\000u\000n\000g}{}% 22
\BOOKMARK [2][]{subsection.6.1}{\376\377\000T\000e\000s\000t\000p\000r\000o\000t\000o\000k\000o\000l\000l\000:\000\040\000E\000n\000c\000o\000d\000e\000r\000\040\000i\000n\000\040\000V\000e\000r\000b\000i\000n\000d\000u\000n\000g\000\040\000m\000i\000t\000\040\000O\000L\000E\000D\000-\000D\000i\000s\000p\000l\000a\000y}{section.6}% 23
\BOOKMARK [3][]{subsubsection.6.1.1}{\376\377\000S\000t\000r\000o\000m\000v\000e\000r\000s\000o\000r\000g\000u\000n\000g}{subsection.6.1}% 24
\BOOKMARK [3][]{subsubsection.6.1.2}{\376\377\000V\000e\000r\000b\000i\000n\000d\000u\000n\000g}{subsection.6.1}% 25
\BOOKMARK [3][]{subsubsection.6.1.3}{\376\377\000A\000u\000s\000w\000e\000r\000t\000u\000n\000g\000\040\000d\000e\000r\000\040\000D\000r\000e\000h\000u\000n\000g\000\040\000d\000e\000s\000\040\000E\000n\000c\000o\000d\000e\000r\000s}{subsection.6.1}% 26
\BOOKMARK [3][]{subsubsection.6.1.4}{\376\377\000D\000e\000b\000o\000u\000n\000c\000i\000n\000g\000\040\000d\000e\000s\000\040\000P\000u\000s\000h\000-\000B\000u\000t\000t\000o\000n\000s}{subsection.6.1}% 27
\BOOKMARK [3][]{subsubsection.6.1.5}{\376\377\000M\000e\000n\000\374\000n\000a\000v\000i\000g\000a\000t\000i\000o\000n}{subsection.6.1}% 28
\BOOKMARK [2][]{subsection.6.2}{\376\377\000T\000e\000s\000t\000p\000r\000o\000t\000o\000k\000o\000l\000l\000:\000\040\000P\000o\000t\000e\000n\000t\000i\000o\000m\000e\000t\000e\000r}{section.6}% 29
\BOOKMARK [3][]{subsubsection.6.2.1}{\376\377\000V\000e\000r\000b\000i\000n\000d\000u\000n\000g\000\040\000\374\000b\000e\000r\000p\000r\000\374\000f\000e\000n}{subsection.6.2}% 30
\BOOKMARK [3][]{subsubsection.6.2.2}{\376\377\000A\000D\000C\000-\000K\000o\000n\000f\000i\000g\000u\000r\000a\000t\000i\000o\000n\000\040\000\374\000b\000e\000r\000p\000r\000\374\000f\000e\000n}{subsection.6.2}% 31
\BOOKMARK [3][]{subsubsection.6.2.3}{\376\377\000D\000M\000A\000-\000K\000o\000n\000f\000i\000g\000u\000r\000a\000t\000i\000o\000n\000\040\000\374\000b\000e\000r\000p\000r\000\374\000f\000e\000n}{subsection.6.2}% 32
\BOOKMARK [3][]{subsubsection.6.2.4}{\376\377\000D\000a\000t\000e\000n\000\040\000a\000n\000a\000l\000y\000s\000i\000e\000r\000e\000n}{subsection.6.2}% 33
\BOOKMARK [2][]{subsection.6.3}{\376\377\000T\000e\000s\000t\000p\000r\000o\000t\000o\000k\000o\000l\000l\000:\000\040\000S\000D\000-\000K\000a\000r\000t\000e\000n\000\040\000S\000P\000I\000-\000S\000c\000h\000n\000i\000t\000t\000s\000t\000e\000l\000l\000e}{section.6}% 34
\BOOKMARK [3][]{subsubsection.6.3.1}{\376\377\000T\000e\000s\000t\000z\000i\000e\000l\000s\000e\000t\000z\000u\000n\000g}{subsection.6.3}% 35
\BOOKMARK [3][]{subsubsection.6.3.2}{\376\377\000T\000e\000s\000t\000d\000u\000r\000c\000h\000f\000\374\000h\000r\000u\000n\000g}{subsection.6.3}% 36
\BOOKMARK [3][]{subsubsection.6.3.3}{\376\377\000A\000u\000s\000w\000e\000r\000t\000u\000n\000g}{subsection.6.3}% 37
\BOOKMARK [1][]{section.7}{\376\377\000F\000a\000z\000i\000t}{}% 38
