\BOOKMARK [0][-]{chapter.1}{\376\377\0001\000\040\000D\000a\000t\000a\000\040\000S\000t\000r\000u\000c\000t\000u\000r\000e\000\040\000I\000n\000d\000e\000x}{}% 1
\BOOKMARK [1][-]{section.1.1}{\376\377\0001\000.\0001\000\040\000D\000a\000t\000a\000\040\000S\000t\000r\000u\000c\000t\000u\000r\000e\000s}{chapter.1}% 2
\BOOKMARK [0][-]{chapter.2}{\376\377\0002\000\040\000F\000i\000l\000e\000\040\000I\000n\000d\000e\000x}{}% 3
\BOOKMARK [1][-]{section.2.1}{\376\377\0002\000.\0001\000\040\000F\000i\000l\000e\000\040\000L\000i\000s\000t}{chapter.2}% 4
\BOOKMARK [0][-]{chapter.3}{\376\377\0003\000\040\000D\000a\000t\000a\000\040\000S\000t\000r\000u\000c\000t\000u\000r\000e\000\040\000D\000o\000c\000u\000m\000e\000n\000t\000a\000t\000i\000o\000n}{}% 5
\BOOKMARK [1][-]{section.3.1}{\376\377\0003\000.\0001\000\040\000F\000i\000l\000e\000\040\000S\000t\000r\000u\000c\000t\000\040\000R\000e\000f\000e\000r\000e\000n\000c\000e}{chapter.3}% 6
\BOOKMARK [2][-]{subsection.3.1.1}{\376\377\0003\000.\0001\000.\0001\000\040\000D\000e\000t\000a\000i\000l\000e\000d\000\040\000D\000e\000s\000c\000r\000i\000p\000t\000i\000o\000n}{section.3.1}% 7
\BOOKMARK [1][-]{section.3.2}{\376\377\0003\000.\0002\000\040\000F\000i\000l\000e\000M\000a\000n\000a\000g\000e\000r\000\040\000S\000t\000r\000u\000c\000t\000\040\000R\000e\000f\000e\000r\000e\000n\000c\000e}{chapter.3}% 8
\BOOKMARK [2][-]{subsection.3.2.1}{\376\377\0003\000.\0002\000.\0001\000\040\000D\000e\000t\000a\000i\000l\000e\000d\000\040\000D\000e\000s\000c\000r\000i\000p\000t\000i\000o\000n}{section.3.2}% 9
\BOOKMARK [1][-]{section.3.3}{\376\377\0003\000.\0003\000\040\000F\000o\000n\000t\000D\000e\000f\000\040\000S\000t\000r\000u\000c\000t\000\040\000R\000e\000f\000e\000r\000e\000n\000c\000e}{chapter.3}% 10
\BOOKMARK [1][-]{section.3.4}{\376\377\0003\000.\0004\000\040\000S\000S\000D\0001\0003\0000\0006\000\137\000t\000\040\000S\000t\000r\000u\000c\000t\000\040\000R\000e\000f\000e\000r\000e\000n\000c\000e}{chapter.3}% 11
\BOOKMARK [1][-]{section.3.5}{\376\377\0003\000.\0005\000\040\000w\000a\000v\000\137\000h\000e\000a\000d\000e\000r\000\137\000t\000\040\000S\000t\000r\000u\000c\000t\000\040\000R\000e\000f\000e\000r\000e\000n\000c\000e}{chapter.3}% 12
\BOOKMARK [2][-]{subsection.3.5.1}{\376\377\0003\000.\0005\000.\0001\000\040\000D\000e\000t\000a\000i\000l\000e\000d\000\040\000D\000e\000s\000c\000r\000i\000p\000t\000i\000o\000n}{section.3.5}% 13
\BOOKMARK [1][-]{section.3.6}{\376\377\0003\000.\0006\000\040\000W\000a\000v\000P\000l\000a\000y\000e\000r\000\040\000S\000t\000r\000u\000c\000t\000\040\000R\000e\000f\000e\000r\000e\000n\000c\000e}{chapter.3}% 14
\BOOKMARK [2][-]{subsection.3.6.1}{\376\377\0003\000.\0006\000.\0001\000\040\000D\000e\000t\000a\000i\000l\000e\000d\000\040\000D\000e\000s\000c\000r\000i\000p\000t\000i\000o\000n}{section.3.6}% 15
\BOOKMARK [0][-]{chapter.4}{\376\377\0004\000\040\000F\000i\000l\000e\000\040\000D\000o\000c\000u\000m\000e\000n\000t\000a\000t\000i\000o\000n}{}% 16
\BOOKMARK [1][-]{section.4.1}{\376\377\0004\000.\0001\000\040\000f\0004\0000\0001\000\137\000d\000i\000s\000p\000l\000a\000y\000\137\000e\000n\000c\000o\000d\000e\000r\000\137\000f\000a\000d\000e\000r\000\137\000t\000e\000s\000t\000/\000C\000o\000r\000e\000/\000I\000n\000c\000/\000d\000i\000s\000p\000l\000a\000y\000.\000h\000\040\000F\000i\000l\000e\000\040\000R\000e\000f\000e\000r\000e\000n\000c\000e}{chapter.4}% 17
\BOOKMARK [2][-]{subsection.4.1.1}{\376\377\0004\000.\0001\000.\0001\000\040\000D\000e\000t\000a\000i\000l\000e\000d\000\040\000D\000e\000s\000c\000r\000i\000p\000t\000i\000o\000n}{section.4.1}% 18
\BOOKMARK [2][-]{subsection.4.1.2}{\376\377\0004\000.\0001\000.\0002\000\040\000F\000u\000n\000c\000t\000i\000o\000n\000\040\000D\000o\000c\000u\000m\000e\000n\000t\000a\000t\000i\000o\000n}{section.4.1}% 19
\BOOKMARK [3][-]{subsubsection.4.1.2.1}{\376\377\0004\000.\0001\000.\0002\000.\0001\000\040\000d\000i\000s\000p\000l\000a\000y\000S\000t\000r\000i\000n\000g\000s\000\050\000\051}{subsection.4.1.2}% 20
\BOOKMARK [3][-]{subsubsection.4.1.2.2}{\376\377\0004\000.\0001\000.\0002\000.\0002\000\040\000d\000r\000a\000w\000F\000a\000d\000e\000r\000P\000r\000o\000z\000e\000n\000t\000\050\000\051}{subsection.4.1.2}% 21
\BOOKMARK [3][-]{subsubsection.4.1.2.3}{\376\377\0004\000.\0001\000.\0002\000.\0003\000\040\000r\000e\000n\000d\000e\000r\000S\000e\000l\000e\000c\000t\000e\000d\000F\000i\000l\000e\000\050\000\051}{subsection.4.1.2}% 22
\BOOKMARK [1][-]{section.4.2}{\376\377\0004\000.\0002\000\040\000d\000i\000s\000p\000l\000a\000y\000.\000h}{chapter.4}% 23
\BOOKMARK [1][-]{section.4.3}{\376\377\0004\000.\0003\000\040\000f\0004\0000\0001\000\137\000d\000i\000s\000p\000l\000a\000y\000\137\000e\000n\000c\000o\000d\000e\000r\000\137\000f\000a\000d\000e\000r\000\137\000t\000e\000s\000t\000/\000C\000o\000r\000e\000/\000I\000n\000c\000/\000f\000i\000l\000e\000m\000a\000n\000a\000g\000e\000r\000.\000h\000\040\000F\000i\000l\000e\000\040\000R\000e\000f\000e\000r\000e\000n\000c\000e}{chapter.4}% 24
\BOOKMARK [2][-]{subsection.4.3.1}{\376\377\0004\000.\0003\000.\0001\000\040\000D\000e\000t\000a\000i\000l\000e\000d\000\040\000D\000e\000s\000c\000r\000i\000p\000t\000i\000o\000n}{section.4.3}% 25
\BOOKMARK [2][-]{subsection.4.3.2}{\376\377\0004\000.\0003\000.\0002\000\040\000M\000a\000c\000r\000o\000\040\000D\000e\000f\000i\000n\000i\000t\000i\000o\000n\000\040\000D\000o\000c\000u\000m\000e\000n\000t\000a\000t\000i\000o\000n}{section.4.3}% 26
\BOOKMARK [3][-]{subsubsection.4.3.2.1}{\376\377\0004\000.\0003\000.\0002\000.\0001\000\040\000E\000X\000I\000S\000T\000S}{subsection.4.3.2}% 27
\BOOKMARK [3][-]{subsubsection.4.3.2.2}{\376\377\0004\000.\0003\000.\0002\000.\0002\000\040\000M\000A\000X\000\137\000C\000L\000A\000S\000S\000E\000S}{subsection.4.3.2}% 28
\BOOKMARK [3][-]{subsubsection.4.3.2.3}{\376\377\0004\000.\0003\000.\0002\000.\0003\000\040\000M\000A\000X\000\137\000F\000I\000L\000E\000S}{subsection.4.3.2}% 29
\BOOKMARK [2][-]{subsection.4.3.3}{\376\377\0004\000.\0003\000.\0003\000\040\000F\000u\000n\000c\000t\000i\000o\000n\000\040\000D\000o\000c\000u\000m\000e\000n\000t\000a\000t\000i\000o\000n}{section.4.3}% 30
\BOOKMARK [3][-]{subsubsection.4.3.3.1}{\376\377\0004\000.\0003\000.\0003\000.\0001\000\040\000a\000d\000d\000F\000i\000l\000e\000\050\000\051}{subsection.4.3.3}% 31
\BOOKMARK [3][-]{subsubsection.4.3.3.2}{\376\377\0004\000.\0003\000.\0003\000.\0002\000\040\000c\000u\000r\000s\000o\000r\000D\000o\000w\000n\000\050\000\051}{subsection.4.3.3}% 32
\BOOKMARK [3][-]{subsubsection.4.3.3.3}{\376\377\0004\000.\0003\000.\0003\000.\0003\000\040\000c\000u\000r\000s\000o\000r\000U\000p\000\050\000\051}{subsection.4.3.3}% 33
\BOOKMARK [3][-]{subsubsection.4.3.3.4}{\376\377\0004\000.\0003\000.\0003\000.\0004\000\040\000i\000n\000i\000t\000i\000a\000l\000i\000z\000e\000F\000i\000l\000e\000M\000a\000n\000a\000g\000e\000r\000\050\000\051}{subsection.4.3.3}% 34
\BOOKMARK [3][-]{subsubsection.4.3.3.5}{\376\377\0004\000.\0003\000.\0003\000.\0005\000\040\000s\000a\000f\000e\000C\000u\000r\000r\000e\000n\000t\000F\000i\000l\000e\000N\000a\000m\000e\000\050\000\051}{subsection.4.3.3}% 35
\BOOKMARK [3][-]{subsubsection.4.3.3.6}{\376\377\0004\000.\0003\000.\0003\000.\0006\000\040\000s\000e\000l\000e\000c\000t\000F\000i\000l\000e\000\050\000\051}{subsection.4.3.3}% 36
\BOOKMARK [3][-]{subsubsection.4.3.3.7}{\376\377\0004\000.\0003\000.\0003\000.\0007\000\040\000s\000e\000t\000C\000u\000r\000s\000o\000r\000\050\000\051}{subsection.4.3.3}% 37
\BOOKMARK [1][-]{section.4.4}{\376\377\0004\000.\0004\000\040\000f\000i\000l\000e\000m\000a\000n\000a\000g\000e\000r\000.\000h}{chapter.4}% 38
\BOOKMARK [1][-]{section.4.5}{\376\377\0004\000.\0005\000\040\000f\000o\000n\000t\000s\000.\000h}{chapter.4}% 39
\BOOKMARK [1][-]{section.4.6}{\376\377\0004\000.\0006\000\040\000f\0004\0000\0001\000\137\000d\000i\000s\000p\000l\000a\000y\000\137\000e\000n\000c\000o\000d\000e\000r\000\137\000f\000a\000d\000e\000r\000\137\000t\000e\000s\000t\000/\000C\000o\000r\000e\000/\000I\000n\000c\000/\000i\000n\000t\000e\000r\000f\000a\000c\000e\000.\000h\000\040\000F\000i\000l\000e\000\040\000R\000e\000f\000e\000r\000e\000n\000c\000e}{chapter.4}% 40
\BOOKMARK [2][-]{subsection.4.6.1}{\376\377\0004\000.\0006\000.\0001\000\040\000D\000e\000t\000a\000i\000l\000e\000d\000\040\000D\000e\000s\000c\000r\000i\000p\000t\000i\000o\000n}{section.4.6}% 41
\BOOKMARK [2][-]{subsection.4.6.2}{\376\377\0004\000.\0006\000.\0002\000\040\000M\000a\000c\000r\000o\000\040\000D\000e\000f\000i\000n\000i\000t\000i\000o\000n\000\040\000D\000o\000c\000u\000m\000e\000n\000t\000a\000t\000i\000o\000n}{section.4.6}% 42
\BOOKMARK [3][-]{subsubsection.4.6.2.1}{\376\377\0004\000.\0006\000.\0002\000.\0001\000\040\000T\000H\000R\000E\000A\000S\000H\000O\000L\000D}{subsection.4.6.2}% 43
\BOOKMARK [2][-]{subsection.4.6.3}{\376\377\0004\000.\0006\000.\0003\000\040\000F\000u\000n\000c\000t\000i\000o\000n\000\040\000D\000o\000c\000u\000m\000e\000n\000t\000a\000t\000i\000o\000n}{section.4.6}% 44
\BOOKMARK [3][-]{subsubsection.4.6.3.1}{\376\377\0004\000.\0006\000.\0003\000.\0001\000\040\000c\000o\000m\000p\000a\000r\000e\000A\000D\000C\000V\000a\000l\000u\000e\000s\000\050\000\051}{subsection.4.6.3}% 45
\BOOKMARK [3][-]{subsubsection.4.6.3.2}{\376\377\0004\000.\0006\000.\0003\000.\0002\000\040\000H\000A\000L\000\137\000A\000D\000C\000\137\000C\000o\000n\000v\000C\000p\000l\000t\000C\000a\000l\000l\000b\000a\000c\000k\000\050\000\051}{subsection.4.6.3}% 46
\BOOKMARK [3][-]{subsubsection.4.6.3.3}{\376\377\0004\000.\0006\000.\0003\000.\0003\000\040\000H\000A\000L\000\137\000G\000P\000I\000O\000\137\000E\000X\000T\000I\000\137\000C\000a\000l\000l\000b\000a\000c\000k\000\050\000\051}{subsection.4.6.3}% 47
\BOOKMARK [3][-]{subsubsection.4.6.3.4}{\376\377\0004\000.\0006\000.\0003\000.\0004\000\040\000H\000A\000L\000\137\000T\000I\000M\000\137\000P\000e\000r\000i\000o\000d\000E\000l\000a\000p\000s\000e\000d\000C\000a\000l\000l\000b\000a\000c\000k\000\050\000\051}{subsection.4.6.3}% 48
\BOOKMARK [3][-]{subsubsection.4.6.3.5}{\376\377\0004\000.\0006\000.\0003\000.\0005\000\040\000l\000i\000s\000t\000F\000i\000l\000e\000s\000\050\000\051}{subsection.4.6.3}% 49
\BOOKMARK [3][-]{subsubsection.4.6.3.6}{\376\377\0004\000.\0006\000.\0003\000.\0006\000\040\000r\000e\000s\000e\000t\000S\000h\000o\000w\000n\000F\000i\000l\000e\000s\000\050\000\051}{subsection.4.6.3}% 50
\BOOKMARK [3][-]{subsubsection.4.6.3.7}{\376\377\0004\000.\0006\000.\0003\000.\0007\000\040\000s\000c\000r\000e\000e\000n\000I\000n\000i\000t\000\050\000\051}{subsection.4.6.3}% 51
\BOOKMARK [3][-]{subsubsection.4.6.3.8}{\376\377\0004\000.\0006\000.\0003\000.\0008\000\040\000s\000o\000r\000t\000F\000i\000l\000e\000s\000\050\000\051}{subsection.4.6.3}% 52
\BOOKMARK [3][-]{subsubsection.4.6.3.9}{\376\377\0004\000.\0006\000.\0003\000.\0009\000\040\000u\000p\000d\000a\000t\000e\000S\000c\000r\000e\000e\000n\000\050\000\051}{subsection.4.6.3}% 53
\BOOKMARK [2][-]{subsection.4.6.4}{\376\377\0004\000.\0006\000.\0004\000\040\000V\000a\000r\000i\000a\000b\000l\000e\000\040\000D\000o\000c\000u\000m\000e\000n\000t\000a\000t\000i\000o\000n}{section.4.6}% 54
\BOOKMARK [3][-]{subsubsection.4.6.4.1}{\376\377\0004\000.\0006\000.\0004\000.\0001\000\040\000a\000d\000c\000B\000u\000f\000f\000e\000r}{subsection.4.6.4}% 55
\BOOKMARK [3][-]{subsubsection.4.6.4.2}{\376\377\0004\000.\0006\000.\0004\000.\0002\000\040\000a\000d\000c\000D\000m\000a\000F\000l\000a\000g}{subsection.4.6.4}% 56
\BOOKMARK [3][-]{subsubsection.4.6.4.3}{\376\377\0004\000.\0006\000.\0004\000.\0003\000\040\000f\000i\000l\000e\000N\000a\000m\000e\000s\000S\000D\000C\000a\000r\000d}{subsection.4.6.4}% 57
\BOOKMARK [3][-]{subsubsection.4.6.4.4}{\376\377\0004\000.\0006\000.\0004\000.\0004\000\040\000f\000m}{subsection.4.6.4}% 58
\BOOKMARK [3][-]{subsubsection.4.6.4.5}{\376\377\0004\000.\0006\000.\0004\000.\0005\000\040\000f\000n\000o}{subsection.4.6.4}% 59
\BOOKMARK [1][-]{section.4.7}{\376\377\0004\000.\0007\000\040\000i\000n\000t\000e\000r\000f\000a\000c\000e\000.\000h}{chapter.4}% 60
\BOOKMARK [1][-]{section.4.8}{\376\377\0004\000.\0008\000\040\000s\000s\000d\0001\0003\0000\0006\000.\000h}{chapter.4}% 61
\BOOKMARK [1][-]{section.4.9}{\376\377\0004\000.\0009\000\040\000f\0004\0000\0001\000\137\000d\000i\000s\000p\000l\000a\000y\000\137\000e\000n\000c\000o\000d\000e\000r\000\137\000f\000a\000d\000e\000r\000\137\000t\000e\000s\000t\000/\000C\000o\000r\000e\000/\000S\000r\000c\000/\000d\000i\000s\000p\000l\000a\000y\000.\000c\000\040\000F\000i\000l\000e\000\040\000R\000e\000f\000e\000r\000e\000n\000c\000e}{chapter.4}% 62
\BOOKMARK [2][-]{subsection.4.9.1}{\376\377\0004\000.\0009\000.\0001\000\040\000D\000e\000t\000a\000i\000l\000e\000d\000\040\000D\000e\000s\000c\000r\000i\000p\000t\000i\000o\000n}{section.4.9}% 63
\BOOKMARK [2][-]{subsection.4.9.2}{\376\377\0004\000.\0009\000.\0002\000\040\000M\000a\000c\000r\000o\000\040\000D\000e\000f\000i\000n\000i\000t\000i\000o\000n\000\040\000D\000o\000c\000u\000m\000e\000n\000t\000a\000t\000i\000o\000n}{section.4.9}% 64
\BOOKMARK [3][-]{subsubsection.4.9.2.1}{\376\377\0004\000.\0009\000.\0002\000.\0001\000\040\000D\000I\000S\000P\000L\000A\000Y\000\137\000W\000I\000D\000T\000H}{subsection.4.9.2}% 65
\BOOKMARK [2][-]{subsection.4.9.3}{\376\377\0004\000.\0009\000.\0003\000\040\000F\000u\000n\000c\000t\000i\000o\000n\000\040\000D\000o\000c\000u\000m\000e\000n\000t\000a\000t\000i\000o\000n}{section.4.9}% 66
\BOOKMARK [3][-]{subsubsection.4.9.3.1}{\376\377\0004\000.\0009\000.\0003\000.\0001\000\040\000d\000i\000s\000p\000l\000a\000y\000S\000t\000r\000i\000n\000g\000s\000\050\000\051}{subsection.4.9.3}% 67
\BOOKMARK [3][-]{subsubsection.4.9.3.2}{\376\377\0004\000.\0009\000.\0003\000.\0002\000\040\000d\000r\000a\000w\000F\000a\000d\000e\000r\000P\000r\000o\000z\000e\000n\000t\000\050\000\051}{subsection.4.9.3}% 68
\BOOKMARK [3][-]{subsubsection.4.9.3.3}{\376\377\0004\000.\0009\000.\0003\000.\0003\000\040\000r\000e\000n\000d\000e\000r\000S\000e\000l\000e\000c\000t\000e\000d\000F\000i\000l\000e\000\050\000\051}{subsection.4.9.3}% 69
\BOOKMARK [3][-]{subsubsection.4.9.3.4}{\376\377\0004\000.\0009\000.\0003\000.\0004\000\040\000s\000c\000r\000o\000l\000l\000D\000o\000w\000n\000\050\000\051}{subsection.4.9.3}% 70
\BOOKMARK [3][-]{subsubsection.4.9.3.5}{\376\377\0004\000.\0009\000.\0003\000.\0005\000\040\000s\000c\000r\000o\000l\000l\000U\000p\000\050\000\051}{subsection.4.9.3}% 71
\BOOKMARK [1][-]{section.4.10}{\376\377\0004\000.\0001\0000\000\040\000f\0004\0000\0001\000\137\000d\000i\000s\000p\000l\000a\000y\000\137\000e\000n\000c\000o\000d\000e\000r\000\137\000f\000a\000d\000e\000r\000\137\000t\000e\000s\000t\000/\000C\000o\000r\000e\000/\000S\000r\000c\000/\000f\000i\000l\000e\000m\000a\000n\000a\000g\000e\000r\000.\000c\000\040\000F\000i\000l\000e\000\040\000R\000e\000f\000e\000r\000e\000n\000c\000e}{chapter.4}% 72
\BOOKMARK [2][-]{subsection.4.10.1}{\376\377\0004\000.\0001\0000\000.\0001\000\040\000D\000e\000t\000a\000i\000l\000e\000d\000\040\000D\000e\000s\000c\000r\000i\000p\000t\000i\000o\000n}{section.4.10}% 73
\BOOKMARK [2][-]{subsection.4.10.2}{\376\377\0004\000.\0001\0000\000.\0002\000\040\000F\000u\000n\000c\000t\000i\000o\000n\000\040\000D\000o\000c\000u\000m\000e\000n\000t\000a\000t\000i\000o\000n}{section.4.10}% 74
\BOOKMARK [3][-]{subsubsection.4.10.2.1}{\376\377\0004\000.\0001\0000\000.\0002\000.\0001\000\040\000a\000d\000d\000F\000i\000l\000e\000\050\000\051}{subsection.4.10.2}% 75
\BOOKMARK [3][-]{subsubsection.4.10.2.2}{\376\377\0004\000.\0001\0000\000.\0002\000.\0002\000\040\000c\000u\000r\000s\000o\000r\000D\000o\000w\000n\000\050\000\051}{subsection.4.10.2}% 76
\BOOKMARK [3][-]{subsubsection.4.10.2.3}{\376\377\0004\000.\0001\0000\000.\0002\000.\0003\000\040\000c\000u\000r\000s\000o\000r\000U\000p\000\050\000\051}{subsection.4.10.2}% 77
\BOOKMARK [3][-]{subsubsection.4.10.2.4}{\376\377\0004\000.\0001\0000\000.\0002\000.\0004\000\040\000i\000n\000i\000t\000i\000a\000l\000i\000z\000e\000F\000i\000l\000e\000M\000a\000n\000a\000g\000e\000r\000\050\000\051}{subsection.4.10.2}% 78
\BOOKMARK [3][-]{subsubsection.4.10.2.5}{\376\377\0004\000.\0001\0000\000.\0002\000.\0005\000\040\000s\000a\000f\000e\000C\000u\000r\000r\000e\000n\000t\000F\000i\000l\000e\000N\000a\000m\000e\000\050\000\051}{subsection.4.10.2}% 79
\BOOKMARK [3][-]{subsubsection.4.10.2.6}{\376\377\0004\000.\0001\0000\000.\0002\000.\0006\000\040\000s\000e\000l\000e\000c\000t\000F\000i\000l\000e\000\050\000\051}{subsection.4.10.2}% 80
\BOOKMARK [3][-]{subsubsection.4.10.2.7}{\376\377\0004\000.\0001\0000\000.\0002\000.\0007\000\040\000s\000e\000t\000C\000u\000r\000s\000o\000r\000\050\000\051}{subsection.4.10.2}% 81
\BOOKMARK [1][-]{section.4.11}{\376\377\0004\000.\0001\0001\000\040\000f\0004\0000\0001\000\137\000d\000i\000s\000p\000l\000a\000y\000\137\000e\000n\000c\000o\000d\000e\000r\000\137\000f\000a\000d\000e\000r\000\137\000t\000e\000s\000t\000/\000C\000o\000r\000e\000/\000S\000r\000c\000/\000i\000n\000t\000e\000r\000f\000a\000c\000e\000.\000c\000\040\000F\000i\000l\000e\000\040\000R\000e\000f\000e\000r\000e\000n\000c\000e}{chapter.4}% 82
\BOOKMARK [2][-]{subsection.4.11.1}{\376\377\0004\000.\0001\0001\000.\0001\000\040\000D\000e\000t\000a\000i\000l\000e\000d\000\040\000D\000e\000s\000c\000r\000i\000p\000t\000i\000o\000n}{section.4.11}% 83
\BOOKMARK [2][-]{subsection.4.11.2}{\376\377\0004\000.\0001\0001\000.\0002\000\040\000F\000u\000n\000c\000t\000i\000o\000n\000\040\000D\000o\000c\000u\000m\000e\000n\000t\000a\000t\000i\000o\000n}{section.4.11}% 84
\BOOKMARK [3][-]{subsubsection.4.11.2.1}{\376\377\0004\000.\0001\0001\000.\0002\000.\0001\000\040\000c\000o\000m\000p\000a\000r\000e\000A\000D\000C\000V\000a\000l\000u\000e\000s\000\050\000\051}{subsection.4.11.2}% 85
\BOOKMARK [3][-]{subsubsection.4.11.2.2}{\376\377\0004\000.\0001\0001\000.\0002\000.\0002\000\040\000H\000A\000L\000\137\000A\000D\000C\000\137\000C\000o\000n\000v\000C\000p\000l\000t\000C\000a\000l\000l\000b\000a\000c\000k\000\050\000\051}{subsection.4.11.2}% 86
\BOOKMARK [3][-]{subsubsection.4.11.2.3}{\376\377\0004\000.\0001\0001\000.\0002\000.\0003\000\040\000H\000A\000L\000\137\000G\000P\000I\000O\000\137\000E\000X\000T\000I\000\137\000C\000a\000l\000l\000b\000a\000c\000k\000\050\000\051}{subsection.4.11.2}% 87
\BOOKMARK [3][-]{subsubsection.4.11.2.4}{\376\377\0004\000.\0001\0001\000.\0002\000.\0004\000\040\000H\000A\000L\000\137\000T\000I\000M\000\137\000P\000e\000r\000i\000o\000d\000E\000l\000a\000p\000s\000e\000d\000C\000a\000l\000l\000b\000a\000c\000k\000\050\000\051}{subsection.4.11.2}% 88
\BOOKMARK [3][-]{subsubsection.4.11.2.5}{\376\377\0004\000.\0001\0001\000.\0002\000.\0005\000\040\000l\000i\000s\000t\000F\000i\000l\000e\000s\000\050\000\051}{subsection.4.11.2}% 89
\BOOKMARK [3][-]{subsubsection.4.11.2.6}{\376\377\0004\000.\0001\0001\000.\0002\000.\0006\000\040\000r\000e\000s\000e\000t\000S\000h\000o\000w\000n\000F\000i\000l\000e\000s\000\050\000\051}{subsection.4.11.2}% 90
\BOOKMARK [3][-]{subsubsection.4.11.2.7}{\376\377\0004\000.\0001\0001\000.\0002\000.\0007\000\040\000s\000c\000r\000e\000e\000n\000I\000n\000i\000t\000\050\000\051}{subsection.4.11.2}% 91
\BOOKMARK [3][-]{subsubsection.4.11.2.8}{\376\377\0004\000.\0001\0001\000.\0002\000.\0008\000\040\000s\000o\000r\000t\000F\000i\000l\000e\000s\000\050\000\051}{subsection.4.11.2}% 92
\BOOKMARK [3][-]{subsubsection.4.11.2.9}{\376\377\0004\000.\0001\0001\000.\0002\000.\0009\000\040\000u\000p\000d\000a\000t\000e\000S\000c\000r\000e\000e\000n\000\050\000\051}{subsection.4.11.2}% 93
\BOOKMARK [2][-]{subsection.4.11.3}{\376\377\0004\000.\0001\0001\000.\0003\000\040\000V\000a\000r\000i\000a\000b\000l\000e\000\040\000D\000o\000c\000u\000m\000e\000n\000t\000a\000t\000i\000o\000n}{section.4.11}% 94
\BOOKMARK [3][-]{subsubsection.4.11.3.1}{\376\377\0004\000.\0001\0001\000.\0003\000.\0001\000\040\000r\000o\000t\000a\000r\000y\000\137\000e\000n\000c\000\137\000c\000o\000u\000n\000t}{subsection.4.11.3}% 95
\BOOKMARK [1][-]{section.4.12}{\376\377\0004\000.\0001\0002\000\040\000f\0004\0000\0001\000\137\000s\000d\000\137\000c\000a\000r\000d\000\137\000a\000u\000d\000i\000o\000\137\000c\000o\000d\000e\000c\000\137\000t\000e\000s\000t\000/\000C\000o\000r\000e\000/\000I\000n\000c\000/\000a\000u\000d\000i\000o\000.\000h\000\040\000F\000i\000l\000e\000\040\000R\000e\000f\000e\000r\000e\000n\000c\000e}{chapter.4}% 96
\BOOKMARK [2][-]{subsection.4.12.1}{\376\377\0004\000.\0001\0002\000.\0001\000\040\000D\000e\000t\000a\000i\000l\000e\000d\000\040\000D\000e\000s\000c\000r\000i\000p\000t\000i\000o\000n}{section.4.12}% 97
\BOOKMARK [2][-]{subsection.4.12.2}{\376\377\0004\000.\0001\0002\000.\0002\000\040\000F\000u\000n\000c\000t\000i\000o\000n\000\040\000D\000o\000c\000u\000m\000e\000n\000t\000a\000t\000i\000o\000n}{section.4.12}% 98
\BOOKMARK [3][-]{subsubsection.4.12.2.1}{\376\377\0004\000.\0001\0002\000.\0002\000.\0001\000\040\000f\000i\000l\000l\000H\000a\000l\000f\000B\000u\000f\000f\000e\000r\000F\000r\000o\000m\000S\000D\000\050\000\051}{subsection.4.12.2}% 99
\BOOKMARK [3][-]{subsubsection.4.12.2.2}{\376\377\0004\000.\0001\0002\000.\0002\000.\0002\000\040\000g\000e\000n\000e\000r\000a\000t\000e\000S\000i\000n\000e\000W\000a\000v\000e\000\050\000\051}{subsection.4.12.2}% 100
\BOOKMARK [3][-]{subsubsection.4.12.2.3}{\376\377\0004\000.\0001\0002\000.\0002\000.\0003\000\040\000H\000A\000L\000\137\000I\0002\000S\000\137\000T\000x\000H\000a\000l\000f\000C\000p\000l\000t\000C\000a\000l\000l\000b\000a\000c\000k\000\050\000\051}{subsection.4.12.2}% 101
\BOOKMARK [3][-]{subsubsection.4.12.2.4}{\376\377\0004\000.\0001\0002\000.\0002\000.\0004\000\040\000s\000e\000t\000P\000i\000t\000c\000h\000F\000a\000c\000t\000o\000r\000\050\000\051}{subsection.4.12.2}% 102
\BOOKMARK [1][-]{section.4.13}{\376\377\0004\000.\0001\0003\000\040\000a\000u\000d\000i\000o\000.\000h}{chapter.4}% 103
\BOOKMARK [1][-]{section.4.14}{\376\377\0004\000.\0001\0004\000\040\000f\0004\0000\0001\000\137\000s\000d\000\137\000c\000a\000r\000d\000\137\000a\000u\000d\000i\000o\000\137\000c\000o\000d\000e\000c\000\137\000t\000e\000s\000t\000/\000C\000o\000r\000e\000/\000I\000n\000c\000/\000a\000u\000d\000i\000o\000P\000r\000e\000p\000r\000o\000c\000e\000s\000s\000o\000r\000.\000h\000\040\000F\000i\000l\000e\000\040\000R\000e\000f\000e\000r\000e\000n\000c\000e}{chapter.4}% 104
\BOOKMARK [2][-]{subsection.4.14.1}{\376\377\0004\000.\0001\0004\000.\0001\000\040\000D\000e\000t\000a\000i\000l\000e\000d\000\040\000D\000e\000s\000c\000r\000i\000p\000t\000i\000o\000n}{section.4.14}% 105
\BOOKMARK [2][-]{subsection.4.14.2}{\376\377\0004\000.\0001\0004\000.\0002\000\040\000F\000u\000n\000c\000t\000i\000o\000n\000\040\000D\000o\000c\000u\000m\000e\000n\000t\000a\000t\000i\000o\000n}{section.4.14}% 106
\BOOKMARK [3][-]{subsubsection.4.14.2.1}{\376\377\0004\000.\0001\0004\000.\0002\000.\0001\000\040\000d\000o\000w\000n\000s\000a\000m\000p\000l\000e\000\137\000B\000l\000o\000c\000k\000\050\000\051}{subsection.4.14.2}% 107
\BOOKMARK [3][-]{subsubsection.4.14.2.2}{\376\377\0004\000.\0001\0004\000.\0002\000.\0002\000\040\000d\000o\000w\000n\000s\000a\000m\000p\000l\000e\000\137\000t\000o\000\137\0001\0000\0002\0004\000\137\000s\000a\000m\000p\000l\000e\000s\000\050\000\051}{subsection.4.14.2}% 108
\BOOKMARK [3][-]{subsubsection.4.14.2.3}{\376\377\0004\000.\0001\0004\000.\0002\000.\0003\000\040\000g\000e\000t\000\137\000n\000u\000m\000b\000e\000r\000\137\000s\000u\000b\000s\000a\000m\000p\000l\000e\000s\000\050\000\051}{subsection.4.14.2}% 109
\BOOKMARK [3][-]{subsubsection.4.14.2.4}{\376\377\0004\000.\0001\0004\000.\0002\000.\0004\000\040\000i\000n\000i\000t\000F\000i\000l\000t\000e\000r\000\050\000\051}{subsection.4.14.2}% 110
\BOOKMARK [3][-]{subsubsection.4.14.2.5}{\376\377\0004\000.\0001\0004\000.\0002\000.\0005\000\040\000r\000e\000s\000a\000m\000p\000l\000e\000F\000i\000l\000e\000\050\000\051}{subsection.4.14.2}% 111
\BOOKMARK [2][-]{subsection.4.14.3}{\376\377\0004\000.\0001\0004\000.\0003\000\040\000V\000a\000r\000i\000a\000b\000l\000e\000\040\000D\000o\000c\000u\000m\000e\000n\000t\000a\000t\000i\000o\000n}{section.4.14}% 112
\BOOKMARK [3][-]{subsubsection.4.14.3.1}{\376\377\0004\000.\0001\0004\000.\0003\000.\0001\000\040\000f\000i\000l\000t\000e\000r\000\137\000t\000a\000p\000s}{subsection.4.14.3}% 113
\BOOKMARK [1][-]{section.4.15}{\376\377\0004\000.\0001\0005\000\040\000a\000u\000d\000i\000o\000P\000r\000e\000p\000r\000o\000c\000e\000s\000s\000o\000r\000.\000h}{chapter.4}% 114
\BOOKMARK [1][-]{section.4.16}{\376\377\0004\000.\0001\0006\000\040\000c\000p\000u\000\137\000t\000i\000m\000e\000.\000h}{chapter.4}% 115
\BOOKMARK [1][-]{section.4.17}{\376\377\0004\000.\0001\0007\000\040\000f\0004\0000\0001\000\137\000s\000d\000\137\000c\000a\000r\000d\000\137\000a\000u\000d\000i\000o\000\137\000c\000o\000d\000e\000c\000\137\000t\000e\000s\000t\000/\000C\000o\000r\000e\000/\000I\000n\000c\000/\000l\000o\000w\000p\000a\000s\000s\000\137\0001\0006\000k\000F\000i\000l\000t\000e\000r\000.\000h\000\040\000F\000i\000l\000e\000\040\000R\000e\000f\000e\000r\000e\000n\000c\000e}{chapter.4}% 116
\BOOKMARK [2][-]{subsection.4.17.1}{\376\377\0004\000.\0001\0007\000.\0001\000\040\000D\000e\000t\000a\000i\000l\000e\000d\000\040\000D\000e\000s\000c\000r\000i\000p\000t\000i\000o\000n}{section.4.17}% 117
\BOOKMARK [2][-]{subsection.4.17.2}{\376\377\0004\000.\0001\0007\000.\0002\000\040\000V\000a\000r\000i\000a\000b\000l\000e\000\040\000D\000o\000c\000u\000m\000e\000n\000t\000a\000t\000i\000o\000n}{section.4.17}% 118
\BOOKMARK [3][-]{subsubsection.4.17.2.1}{\376\377\0004\000.\0001\0007\000.\0002\000.\0001\000\040\000f\000i\000l\000t\000e\000r\000\137\000t\000a\000p\000s}{subsection.4.17.2}% 119
\BOOKMARK [1][-]{section.4.18}{\376\377\0004\000.\0001\0008\000\040\000l\000o\000w\000p\000a\000s\000s\000\137\0001\0006\000k\000F\000i\000l\000t\000e\000r\000.\000h}{chapter.4}% 120
\BOOKMARK [1][-]{section.4.19}{\376\377\0004\000.\0001\0009\000\040\000f\0004\0000\0001\000\137\000d\000i\000s\000p\000l\000a\000y\000\137\000e\000n\000c\000o\000d\000e\000r\000\137\000f\000a\000d\000e\000r\000\137\000t\000e\000s\000t\000/\000C\000o\000r\000e\000/\000I\000n\000c\000/\000m\000a\000i\000n\000.\000h\000\040\000F\000i\000l\000e\000\040\000R\000e\000f\000e\000r\000e\000n\000c\000e}{chapter.4}% 121
\BOOKMARK [2][-]{subsection.4.19.1}{\376\377\0004\000.\0001\0009\000.\0001\000\040\000D\000e\000t\000a\000i\000l\000e\000d\000\040\000D\000e\000s\000c\000r\000i\000p\000t\000i\000o\000n}{section.4.19}% 122
\BOOKMARK [2][-]{subsection.4.19.2}{\376\377\0004\000.\0001\0009\000.\0002\000\040\000F\000u\000n\000c\000t\000i\000o\000n\000\040\000D\000o\000c\000u\000m\000e\000n\000t\000a\000t\000i\000o\000n}{section.4.19}% 123
\BOOKMARK [3][-]{subsubsection.4.19.2.1}{\376\377\0004\000.\0001\0009\000.\0002\000.\0001\000\040\000E\000r\000r\000o\000r\000\137\000H\000a\000n\000d\000l\000e\000r\000\050\000\051}{subsection.4.19.2}% 124
\BOOKMARK [1][-]{section.4.20}{\376\377\0004\000.\0002\0000\000\040\000m\000a\000i\000n\000.\000h}{chapter.4}% 125
\BOOKMARK [1][-]{section.4.21}{\376\377\0004\000.\0002\0001\000\040\000f\0004\0000\0001\000\137\000s\000d\000\137\000c\000a\000r\000d\000\137\000a\000u\000d\000i\000o\000\137\000c\000o\000d\000e\000c\000\137\000t\000e\000s\000t\000/\000C\000o\000r\000e\000/\000I\000n\000c\000/\000m\000a\000i\000n\000.\000h\000\040\000F\000i\000l\000e\000\040\000R\000e\000f\000e\000r\000e\000n\000c\000e}{chapter.4}% 126
\BOOKMARK [2][-]{subsection.4.21.1}{\376\377\0004\000.\0002\0001\000.\0001\000\040\000D\000e\000t\000a\000i\000l\000e\000d\000\040\000D\000e\000s\000c\000r\000i\000p\000t\000i\000o\000n}{section.4.21}% 127
\BOOKMARK [2][-]{subsection.4.21.2}{\376\377\0004\000.\0002\0001\000.\0002\000\040\000F\000u\000n\000c\000t\000i\000o\000n\000\040\000D\000o\000c\000u\000m\000e\000n\000t\000a\000t\000i\000o\000n}{section.4.21}% 128
\BOOKMARK [3][-]{subsubsection.4.21.2.1}{\376\377\0004\000.\0002\0001\000.\0002\000.\0001\000\040\000E\000r\000r\000o\000r\000\137\000H\000a\000n\000d\000l\000e\000r\000\050\000\051}{subsection.4.21.2}% 129
\BOOKMARK [1][-]{section.4.22}{\376\377\0004\000.\0002\0002\000\040\000m\000a\000i\000n\000.\000h}{chapter.4}% 130
\BOOKMARK [1][-]{section.4.23}{\376\377\0004\000.\0002\0003\000\040\000n\000e\000u\000r\000o\000n\000a\000l\000\137\000n\000e\000t\000w\000o\000r\000k\000/\000e\000s\000p\000\137\000c\000u\000b\000e\000a\000i\000\137\000t\000e\000s\000t\000/\000C\000o\000r\000e\000/\000I\000n\000c\000/\000m\000a\000i\000n\000.\000h\000\040\000F\000i\000l\000e\000\040\000R\000e\000f\000e\000r\000e\000n\000c\000e}{chapter.4}% 131
\BOOKMARK [2][-]{subsection.4.23.1}{\376\377\0004\000.\0002\0003\000.\0001\000\040\000D\000e\000t\000a\000i\000l\000e\000d\000\040\000D\000e\000s\000c\000r\000i\000p\000t\000i\000o\000n}{section.4.23}% 132
\BOOKMARK [2][-]{subsection.4.23.2}{\376\377\0004\000.\0002\0003\000.\0002\000\040\000F\000u\000n\000c\000t\000i\000o\000n\000\040\000D\000o\000c\000u\000m\000e\000n\000t\000a\000t\000i\000o\000n}{section.4.23}% 133
\BOOKMARK [3][-]{subsubsection.4.23.2.1}{\376\377\0004\000.\0002\0003\000.\0002\000.\0001\000\040\000E\000r\000r\000o\000r\000\137\000H\000a\000n\000d\000l\000e\000r\000\050\000\051}{subsection.4.23.2}% 134
\BOOKMARK [1][-]{section.4.24}{\376\377\0004\000.\0002\0004\000\040\000m\000a\000i\000n\000.\000h}{chapter.4}% 135
\BOOKMARK [1][-]{section.4.25}{\376\377\0004\000.\0002\0005\000\040\000u\000t\000i\000l\000.\000h}{chapter.4}% 136
\BOOKMARK [1][-]{section.4.26}{\376\377\0004\000.\0002\0006\000\040\000u\000t\000i\000l\000.\000h}{chapter.4}% 137
\BOOKMARK [1][-]{section.4.27}{\376\377\0004\000.\0002\0007\000\040\000f\0004\0000\0001\000\137\000s\000d\000\137\000c\000a\000r\000d\000\137\000a\000u\000d\000i\000o\000\137\000c\000o\000d\000e\000c\000\137\000t\000e\000s\000t\000/\000C\000o\000r\000e\000/\000I\000n\000c\000/\000w\000a\000v\000P\000l\000a\000y\000e\000r\000.\000h\000\040\000F\000i\000l\000e\000\040\000R\000e\000f\000e\000r\000e\000n\000c\000e}{chapter.4}% 138
\BOOKMARK [2][-]{subsection.4.27.1}{\376\377\0004\000.\0002\0007\000.\0001\000\040\000D\000e\000t\000a\000i\000l\000e\000d\000\040\000D\000e\000s\000c\000r\000i\000p\000t\000i\000o\000n}{section.4.27}% 139
\BOOKMARK [2][-]{subsection.4.27.2}{\376\377\0004\000.\0002\0007\000.\0002\000\040\000T\000y\000p\000e\000d\000e\000f\000\040\000D\000o\000c\000u\000m\000e\000n\000t\000a\000t\000i\000o\000n}{section.4.27}% 140
\BOOKMARK [3][-]{subsubsection.4.27.2.1}{\376\377\0004\000.\0002\0007\000.\0002\000.\0001\000\040\000w\000a\000v\000\137\000h\000e\000a\000d\000e\000r\000\137\000t}{subsection.4.27.2}% 141
\BOOKMARK [3][-]{subsubsection.4.27.2.2}{\376\377\0004\000.\0002\0007\000.\0002\000.\0002\000\040\000W\000a\000v\000P\000l\000a\000y\000e\000r}{subsection.4.27.2}% 142
\BOOKMARK [2][-]{subsection.4.27.3}{\376\377\0004\000.\0002\0007\000.\0003\000\040\000F\000u\000n\000c\000t\000i\000o\000n\000\040\000D\000o\000c\000u\000m\000e\000n\000t\000a\000t\000i\000o\000n}{section.4.27}% 143
\BOOKMARK [3][-]{subsubsection.4.27.3.1}{\376\377\0004\000.\0002\0007\000.\0003\000.\0001\000\040\000c\000h\000e\000c\000k\000W\000a\000v\000\050\000\051}{subsection.4.27.3}% 144
\BOOKMARK [3][-]{subsubsection.4.27.3.2}{\376\377\0004\000.\0002\0007\000.\0003\000.\0002\000\040\000i\000n\000i\000t\000P\000l\000a\000y\000e\000r\000\050\000\051}{subsection.4.27.3}% 145
\BOOKMARK [3][-]{subsubsection.4.27.3.3}{\376\377\0004\000.\0002\0007\000.\0003\000.\0003\000\040\000p\000l\000a\000y\000B\000u\000t\000t\000o\000n\000H\000a\000n\000d\000l\000e\000r\000\050\000\051}{subsection.4.27.3}% 146
\BOOKMARK [3][-]{subsubsection.4.27.3.4}{\376\377\0004\000.\0002\0007\000.\0003\000.\0004\000\040\000p\000o\000p\000u\000l\000a\000t\000e\000W\000a\000v\000H\000e\000a\000d\000e\000r\000\050\000\051}{subsection.4.27.3}% 147
\BOOKMARK [3][-]{subsubsection.4.27.3.5}{\376\377\0004\000.\0002\0007\000.\0003\000.\0005\000\040\000w\000a\000v\000L\000o\000a\000d\000\050\000\051}{subsection.4.27.3}% 148
\BOOKMARK [3][-]{subsubsection.4.27.3.6}{\376\377\0004\000.\0002\0007\000.\0003\000.\0006\000\040\000w\000a\000v\000P\000l\000a\000y\000\050\000\051}{subsection.4.27.3}% 149
\BOOKMARK [3][-]{subsubsection.4.27.3.7}{\376\377\0004\000.\0002\0007\000.\0003\000.\0007\000\040\000w\000a\000v\000P\000l\000a\000y\000P\000i\000t\000c\000h\000e\000d\000\050\000\051}{subsection.4.27.3}% 150
\BOOKMARK [1][-]{section.4.28}{\376\377\0004\000.\0002\0008\000\040\000w\000a\000v\000P\000l\000a\000y\000e\000r\000.\000h}{chapter.4}% 151
\BOOKMARK [1][-]{section.4.29}{\376\377\0004\000.\0002\0009\000\040\000f\0004\0000\0001\000\137\000s\000d\000\137\000c\000a\000r\000d\000\137\000a\000u\000d\000i\000o\000\137\000c\000o\000d\000e\000c\000\137\000t\000e\000s\000t\000/\000C\000o\000r\000e\000/\000S\000r\000c\000/\000a\000u\000d\000i\000o\000.\000c\000\040\000F\000i\000l\000e\000\040\000R\000e\000f\000e\000r\000e\000n\000c\000e}{chapter.4}% 152
\BOOKMARK [2][-]{subsection.4.29.1}{\376\377\0004\000.\0002\0009\000.\0001\000\040\000D\000e\000t\000a\000i\000l\000e\000d\000\040\000D\000e\000s\000c\000r\000i\000p\000t\000i\000o\000n}{section.4.29}% 153
\BOOKMARK [2][-]{subsection.4.29.2}{\376\377\0004\000.\0002\0009\000.\0002\000\040\000F\000u\000n\000c\000t\000i\000o\000n\000\040\000D\000o\000c\000u\000m\000e\000n\000t\000a\000t\000i\000o\000n}{section.4.29}% 154
\BOOKMARK [3][-]{subsubsection.4.29.2.1}{\376\377\0004\000.\0002\0009\000.\0002\000.\0001\000\040\000f\000i\000l\000l\000H\000a\000l\000f\000B\000u\000f\000f\000e\000r\000F\000r\000o\000m\000S\000D\000\050\000\051}{subsection.4.29.2}% 155
\BOOKMARK [3][-]{subsubsection.4.29.2.2}{\376\377\0004\000.\0002\0009\000.\0002\000.\0002\000\040\000g\000e\000n\000e\000r\000a\000t\000e\000S\000i\000n\000e\000W\000a\000v\000e\000\050\000\051}{subsection.4.29.2}% 156
\BOOKMARK [3][-]{subsubsection.4.29.2.3}{\376\377\0004\000.\0002\0009\000.\0002\000.\0003\000\040\000H\000A\000L\000\137\000I\0002\000S\000\137\000T\000x\000C\000p\000l\000t\000C\000a\000l\000l\000b\000a\000c\000k\000\050\000\051}{subsection.4.29.2}% 157
\BOOKMARK [3][-]{subsubsection.4.29.2.4}{\376\377\0004\000.\0002\0009\000.\0002\000.\0004\000\040\000H\000A\000L\000\137\000I\0002\000S\000\137\000T\000x\000H\000a\000l\000f\000C\000p\000l\000t\000C\000a\000l\000l\000b\000a\000c\000k\000\050\000\051}{subsection.4.29.2}% 158
\BOOKMARK [3][-]{subsubsection.4.29.2.5}{\376\377\0004\000.\0002\0009\000.\0002\000.\0005\000\040\000s\000e\000t\000P\000i\000t\000c\000h\000F\000a\000c\000t\000o\000r\000\050\000\051}{subsection.4.29.2}% 159
\BOOKMARK [1][-]{section.4.30}{\376\377\0004\000.\0003\0000\000\040\000f\0004\0000\0001\000\137\000s\000d\000\137\000c\000a\000r\000d\000\137\000a\000u\000d\000i\000o\000\137\000c\000o\000d\000e\000c\000\137\000t\000e\000s\000t\000/\000C\000o\000r\000e\000/\000S\000r\000c\000/\000a\000u\000d\000i\000o\000P\000r\000e\000p\000r\000o\000c\000e\000s\000s\000o\000r\000.\000c\000\040\000F\000i\000l\000e\000\040\000R\000e\000f\000e\000r\000e\000n\000c\000e}{chapter.4}% 160
\BOOKMARK [2][-]{subsection.4.30.1}{\376\377\0004\000.\0003\0000\000.\0001\000\040\000D\000e\000t\000a\000i\000l\000e\000d\000\040\000D\000e\000s\000c\000r\000i\000p\000t\000i\000o\000n}{section.4.30}% 161
\BOOKMARK [2][-]{subsection.4.30.2}{\376\377\0004\000.\0003\0000\000.\0002\000\040\000F\000u\000n\000c\000t\000i\000o\000n\000\040\000D\000o\000c\000u\000m\000e\000n\000t\000a\000t\000i\000o\000n}{section.4.30}% 162
\BOOKMARK [3][-]{subsubsection.4.30.2.1}{\376\377\0004\000.\0003\0000\000.\0002\000.\0001\000\040\000d\000o\000w\000n\000s\000a\000m\000p\000l\000e\000\137\000B\000l\000o\000c\000k\000\050\000\051}{subsection.4.30.2}% 163
\BOOKMARK [3][-]{subsubsection.4.30.2.2}{\376\377\0004\000.\0003\0000\000.\0002\000.\0002\000\040\000d\000o\000w\000n\000s\000a\000m\000p\000l\000e\000\137\000t\000o\000\137\0001\0000\0002\0004\000\137\000s\000a\000m\000p\000l\000e\000s\000\050\000\051}{subsection.4.30.2}% 164
\BOOKMARK [3][-]{subsubsection.4.30.2.3}{\376\377\0004\000.\0003\0000\000.\0002\000.\0003\000\040\000g\000e\000t\000\137\000n\000u\000m\000b\000e\000r\000\137\000s\000u\000b\000s\000a\000m\000p\000l\000e\000s\000\050\000\051}{subsection.4.30.2}% 165
\BOOKMARK [3][-]{subsubsection.4.30.2.4}{\376\377\0004\000.\0003\0000\000.\0002\000.\0004\000\040\000i\000n\000i\000t\000F\000i\000l\000t\000e\000r\000\050\000\051}{subsection.4.30.2}% 166
\BOOKMARK [3][-]{subsubsection.4.30.2.5}{\376\377\0004\000.\0003\0000\000.\0002\000.\0005\000\040\000r\000e\000s\000a\000m\000p\000l\000e\000F\000i\000l\000e\000\050\000\051}{subsection.4.30.2}% 167
\BOOKMARK [1][-]{section.4.31}{\376\377\0004\000.\0003\0001\000\040\000f\0004\0000\0001\000\137\000s\000d\000\137\000c\000a\000r\000d\000\137\000a\000u\000d\000i\000o\000\137\000c\000o\000d\000e\000c\000\137\000t\000e\000s\000t\000/\000C\000o\000r\000e\000/\000S\000r\000c\000/\000c\000p\000u\000\137\000t\000i\000m\000e\000.\000c\000\040\000F\000i\000l\000e\000\040\000R\000e\000f\000e\000r\000e\000n\000c\000e}{chapter.4}% 168
\BOOKMARK [2][-]{subsection.4.31.1}{\376\377\0004\000.\0003\0001\000.\0001\000\040\000D\000e\000t\000a\000i\000l\000e\000d\000\040\000D\000e\000s\000c\000r\000i\000p\000t\000i\000o\000n}{section.4.31}% 169
\BOOKMARK [2][-]{subsection.4.31.2}{\376\377\0004\000.\0003\0001\000.\0002\000\040\000F\000u\000n\000c\000t\000i\000o\000n\000\040\000D\000o\000c\000u\000m\000e\000n\000t\000a\000t\000i\000o\000n}{section.4.31}% 170
\BOOKMARK [3][-]{subsubsection.4.31.2.1}{\376\377\0004\000.\0003\0001\000.\0002\000.\0001\000\040\000C\000y\000c\000l\000e\000s\000T\000o\000M\000i\000c\000r\000o\000s\000e\000c\000o\000n\000d\000s\000\050\000\051}{subsection.4.31.2}% 171
\BOOKMARK [3][-]{subsubsection.4.31.2.2}{\376\377\0004\000.\0003\0001\000.\0002\000.\0002\000\040\000C\000y\000c\000l\000e\000s\000T\000o\000M\000i\000l\000l\000i\000s\000e\000c\000o\000n\000d\000s\000\050\000\051}{subsection.4.31.2}% 172
\BOOKMARK [3][-]{subsubsection.4.31.2.3}{\376\377\0004\000.\0003\0001\000.\0002\000.\0003\000\040\000E\000n\000a\000b\000l\000e\000D\000W\000T\000\050\000\051}{subsection.4.31.2}% 173
\BOOKMARK [3][-]{subsubsection.4.31.2.4}{\376\377\0004\000.\0003\0001\000.\0002\000.\0004\000\040\000G\000e\000t\000M\000e\000a\000s\000u\000r\000e\000d\000C\000y\000c\000l\000e\000s\000\050\000\051}{subsection.4.31.2}% 174
\BOOKMARK [3][-]{subsubsection.4.31.2.5}{\376\377\0004\000.\0003\0001\000.\0002\000.\0005\000\040\000S\000t\000a\000r\000t\000C\000y\000c\000l\000e\000M\000e\000a\000s\000u\000r\000e\000m\000e\000n\000t\000\050\000\051}{subsection.4.31.2}% 175
\BOOKMARK [3][-]{subsubsection.4.31.2.6}{\376\377\0004\000.\0003\0001\000.\0002\000.\0006\000\040\000S\000t\000o\000p\000C\000y\000c\000l\000e\000M\000e\000a\000s\000u\000r\000e\000m\000e\000n\000t\000\050\000\051}{subsection.4.31.2}% 176
\BOOKMARK [1][-]{section.4.32}{\376\377\0004\000.\0003\0002\000\040\000f\0004\0000\0001\000\137\000s\000d\000\137\000c\000a\000r\000d\000\137\000a\000u\000d\000i\000o\000\137\000c\000o\000d\000e\000c\000\137\000t\000e\000s\000t\000/\000C\000o\000r\000e\000/\000S\000r\000c\000/\000l\000o\000w\000p\000a\000s\000s\000\137\0001\0006\000k\000F\000i\000l\000t\000e\000r\000.\000c\000\040\000F\000i\000l\000e\000\040\000R\000e\000f\000e\000r\000e\000n\000c\000e}{chapter.4}% 177
\BOOKMARK [2][-]{subsection.4.32.1}{\376\377\0004\000.\0003\0002\000.\0001\000\040\000D\000e\000t\000a\000i\000l\000e\000d\000\040\000D\000e\000s\000c\000r\000i\000p\000t\000i\000o\000n}{section.4.32}% 178
\BOOKMARK [2][-]{subsection.4.32.2}{\376\377\0004\000.\0003\0002\000.\0002\000\040\000V\000a\000r\000i\000a\000b\000l\000e\000\040\000D\000o\000c\000u\000m\000e\000n\000t\000a\000t\000i\000o\000n}{section.4.32}% 179
\BOOKMARK [3][-]{subsubsection.4.32.2.1}{\376\377\0004\000.\0003\0002\000.\0002\000.\0001\000\040\000f\000i\000l\000t\000e\000r\000\137\000t\000a\000p\000s}{subsection.4.32.2}% 180
\BOOKMARK [1][-]{section.4.33}{\376\377\0004\000.\0003\0003\000\040\000f\0004\0000\0001\000\137\000d\000i\000s\000p\000l\000a\000y\000\137\000e\000n\000c\000o\000d\000e\000r\000\137\000f\000a\000d\000e\000r\000\137\000t\000e\000s\000t\000/\000C\000o\000r\000e\000/\000S\000r\000c\000/\000m\000a\000i\000n\000.\000c\000\040\000F\000i\000l\000e\000\040\000R\000e\000f\000e\000r\000e\000n\000c\000e}{chapter.4}% 181
\BOOKMARK [2][-]{subsection.4.33.1}{\376\377\0004\000.\0003\0003\000.\0001\000\040\000D\000e\000t\000a\000i\000l\000e\000d\000\040\000D\000e\000s\000c\000r\000i\000p\000t\000i\000o\000n}{section.4.33}% 182
\BOOKMARK [2][-]{subsection.4.33.2}{\376\377\0004\000.\0003\0003\000.\0002\000\040\000F\000u\000n\000c\000t\000i\000o\000n\000\040\000D\000o\000c\000u\000m\000e\000n\000t\000a\000t\000i\000o\000n}{section.4.33}% 183
\BOOKMARK [3][-]{subsubsection.4.33.2.1}{\376\377\0004\000.\0003\0003\000.\0002\000.\0001\000\040\000E\000r\000r\000o\000r\000\137\000H\000a\000n\000d\000l\000e\000r\000\050\000\051}{subsection.4.33.2}% 184
\BOOKMARK [3][-]{subsubsection.4.33.2.2}{\376\377\0004\000.\0003\0003\000.\0002\000.\0002\000\040\000m\000a\000i\000n\000\050\000\051}{subsection.4.33.2}% 185
\BOOKMARK [3][-]{subsubsection.4.33.2.3}{\376\377\0004\000.\0003\0003\000.\0002\000.\0003\000\040\000S\000y\000s\000t\000e\000m\000C\000l\000o\000c\000k\000\137\000C\000o\000n\000f\000i\000g\000\050\000\051}{subsection.4.33.2}% 186
\BOOKMARK [3][-]{subsubsection.4.33.2.4}{\376\377\0004\000.\0003\0003\000.\0002\000.\0004\000\040\000w\000r\000i\000t\000e\000S\000t\000r\000i\000n\000g\000T\000o\000F\000i\000l\000e\000\050\000\051}{subsection.4.33.2}% 187
\BOOKMARK [2][-]{subsection.4.33.3}{\376\377\0004\000.\0003\0003\000.\0003\000\040\000V\000a\000r\000i\000a\000b\000l\000e\000\040\000D\000o\000c\000u\000m\000e\000n\000t\000a\000t\000i\000o\000n}{section.4.33}% 188
\BOOKMARK [3][-]{subsubsection.4.33.3.1}{\376\377\0004\000.\0003\0003\000.\0003\000.\0001\000\040\000a\000d\000c\000B\000u\000f\000f\000e\000r}{subsection.4.33.3}% 189
\BOOKMARK [3][-]{subsubsection.4.33.3.2}{\376\377\0004\000.\0003\0003\000.\0003\000.\0002\000\040\000a\000d\000c\000D\000m\000a\000F\000l\000a\000g}{subsection.4.33.3}% 190
\BOOKMARK [3][-]{subsubsection.4.33.3.3}{\376\377\0004\000.\0003\0003\000.\0003\000.\0003\000\040\000f\000i\000l\000e\000N\000a\000m\000e\000s\000S\000D\000C\000a\000r\000d}{subsection.4.33.3}% 191
\BOOKMARK [3][-]{subsubsection.4.33.3.4}{\376\377\0004\000.\0003\0003\000.\0003\000.\0004\000\040\000f\000m}{subsection.4.33.3}% 192
\BOOKMARK [3][-]{subsubsection.4.33.3.5}{\376\377\0004\000.\0003\0003\000.\0003\000.\0005\000\040\000f\000n\000o}{subsection.4.33.3}% 193
\BOOKMARK [3][-]{subsubsection.4.33.3.6}{\376\377\0004\000.\0003\0003\000.\0003\000.\0006\000\040\000l\000f\000n}{subsection.4.33.3}% 194
\BOOKMARK [1][-]{section.4.34}{\376\377\0004\000.\0003\0004\000\040\000f\0004\0000\0001\000\137\000s\000d\000\137\000c\000a\000r\000d\000\137\000a\000u\000d\000i\000o\000\137\000c\000o\000d\000e\000c\000\137\000t\000e\000s\000t\000/\000C\000o\000r\000e\000/\000S\000r\000c\000/\000m\000a\000i\000n\000.\000c\000\040\000F\000i\000l\000e\000\040\000R\000e\000f\000e\000r\000e\000n\000c\000e}{chapter.4}% 195
\BOOKMARK [2][-]{subsection.4.34.1}{\376\377\0004\000.\0003\0004\000.\0001\000\040\000D\000e\000t\000a\000i\000l\000e\000d\000\040\000D\000e\000s\000c\000r\000i\000p\000t\000i\000o\000n}{section.4.34}% 196
\BOOKMARK [2][-]{subsection.4.34.2}{\376\377\0004\000.\0003\0004\000.\0002\000\040\000F\000u\000n\000c\000t\000i\000o\000n\000\040\000D\000o\000c\000u\000m\000e\000n\000t\000a\000t\000i\000o\000n}{section.4.34}% 197
\BOOKMARK [3][-]{subsubsection.4.34.2.1}{\376\377\0004\000.\0003\0004\000.\0002\000.\0001\000\040\000E\000r\000r\000o\000r\000\137\000H\000a\000n\000d\000l\000e\000r\000\050\000\051}{subsection.4.34.2}% 198
\BOOKMARK [3][-]{subsubsection.4.34.2.2}{\376\377\0004\000.\0003\0004\000.\0002\000.\0002\000\040\000m\000a\000i\000n\000\050\000\051}{subsection.4.34.2}% 199
\BOOKMARK [3][-]{subsubsection.4.34.2.3}{\376\377\0004\000.\0003\0004\000.\0002\000.\0003\000\040\000S\000y\000s\000t\000e\000m\000C\000l\000o\000c\000k\000\137\000C\000o\000n\000f\000i\000g\000\050\000\051}{subsection.4.34.2}% 200
\BOOKMARK [1][-]{section.4.35}{\376\377\0004\000.\0003\0005\000\040\000n\000e\000u\000r\000o\000n\000a\000l\000\137\000n\000e\000t\000w\000o\000r\000k\000/\000e\000s\000p\000\137\000c\000u\000b\000e\000a\000i\000\137\000t\000e\000s\000t\000/\000C\000o\000r\000e\000/\000S\000r\000c\000/\000m\000a\000i\000n\000.\000c\000\040\000F\000i\000l\000e\000\040\000R\000e\000f\000e\000r\000e\000n\000c\000e}{chapter.4}% 201
\BOOKMARK [2][-]{subsection.4.35.1}{\376\377\0004\000.\0003\0005\000.\0001\000\040\000D\000e\000t\000a\000i\000l\000e\000d\000\040\000D\000e\000s\000c\000r\000i\000p\000t\000i\000o\000n}{section.4.35}% 202
\BOOKMARK [2][-]{subsection.4.35.2}{\376\377\0004\000.\0003\0005\000.\0002\000\040\000F\000u\000n\000c\000t\000i\000o\000n\000\040\000D\000o\000c\000u\000m\000e\000n\000t\000a\000t\000i\000o\000n}{section.4.35}% 203
\BOOKMARK [3][-]{subsubsection.4.35.2.1}{\376\377\0004\000.\0003\0005\000.\0002\000.\0001\000\040\000E\000r\000r\000o\000r\000\137\000H\000a\000n\000d\000l\000e\000r\000\050\000\051}{subsection.4.35.2}% 204
\BOOKMARK [3][-]{subsubsection.4.35.2.2}{\376\377\0004\000.\0003\0005\000.\0002\000.\0002\000\040\000m\000a\000i\000n\000\050\000\051}{subsection.4.35.2}% 205
\BOOKMARK [3][-]{subsubsection.4.35.2.3}{\376\377\0004\000.\0003\0005\000.\0002\000.\0003\000\040\000S\000y\000s\000t\000e\000m\000C\000l\000o\000c\000k\000\137\000C\000o\000n\000f\000i\000g\000\050\000\051}{subsection.4.35.2}% 206
\BOOKMARK [1][-]{section.4.36}{\376\377\0004\000.\0003\0006\000\040\000f\0004\0000\0001\000\137\000s\000d\000\137\000c\000a\000r\000d\000\137\000a\000u\000d\000i\000o\000\137\000c\000o\000d\000e\000c\000\137\000t\000e\000s\000t\000/\000C\000o\000r\000e\000/\000S\000r\000c\000/\000u\000t\000i\000l\000.\000c\000\040\000F\000i\000l\000e\000\040\000R\000e\000f\000e\000r\000e\000n\000c\000e}{chapter.4}% 207
\BOOKMARK [2][-]{subsection.4.36.1}{\376\377\0004\000.\0003\0006\000.\0001\000\040\000D\000e\000t\000a\000i\000l\000e\000d\000\040\000D\000e\000s\000c\000r\000i\000p\000t\000i\000o\000n}{section.4.36}% 208
\BOOKMARK [2][-]{subsection.4.36.2}{\376\377\0004\000.\0003\0006\000.\0002\000\040\000F\000u\000n\000c\000t\000i\000o\000n\000\040\000D\000o\000c\000u\000m\000e\000n\000t\000a\000t\000i\000o\000n}{section.4.36}% 209
\BOOKMARK [3][-]{subsubsection.4.36.2.1}{\376\377\0004\000.\0003\0006\000.\0002\000.\0001\000\040\000u\000a\000r\000t\000\137\000p\000r\000i\000n\000t\000f\000\050\000\051}{subsection.4.36.2}% 210
\BOOKMARK [1][-]{section.4.37}{\376\377\0004\000.\0003\0007\000\040\000f\0004\0000\0001\000\137\000s\000d\000\137\000c\000a\000r\000d\000\137\000a\000u\000d\000i\000o\000\137\000c\000o\000d\000e\000c\000\137\000t\000e\000s\000t\000/\000C\000o\000r\000e\000/\000S\000r\000c\000/\000w\000a\000v\000P\000l\000a\000y\000e\000r\000.\000c\000\040\000F\000i\000l\000e\000\040\000R\000e\000f\000e\000r\000e\000n\000c\000e}{chapter.4}% 211
\BOOKMARK [2][-]{subsection.4.37.1}{\376\377\0004\000.\0003\0007\000.\0001\000\040\000D\000e\000t\000a\000i\000l\000e\000d\000\040\000D\000e\000s\000c\000r\000i\000p\000t\000i\000o\000n}{section.4.37}% 212
\BOOKMARK [2][-]{subsection.4.37.2}{\376\377\0004\000.\0003\0007\000.\0002\000\040\000F\000u\000n\000c\000t\000i\000o\000n\000\040\000D\000o\000c\000u\000m\000e\000n\000t\000a\000t\000i\000o\000n}{section.4.37}% 213
\BOOKMARK [3][-]{subsubsection.4.37.2.1}{\376\377\0004\000.\0003\0007\000.\0002\000.\0001\000\040\000c\000h\000e\000c\000k\000W\000a\000v\000\050\000\051}{subsection.4.37.2}% 214
\BOOKMARK [3][-]{subsubsection.4.37.2.2}{\376\377\0004\000.\0003\0007\000.\0002\000.\0002\000\040\000i\000n\000i\000t\000P\000l\000a\000y\000e\000r\000\050\000\051}{subsection.4.37.2}% 215
\BOOKMARK [3][-]{subsubsection.4.37.2.3}{\376\377\0004\000.\0003\0007\000.\0002\000.\0003\000\040\000p\000l\000a\000y\000B\000u\000t\000t\000o\000n\000H\000a\000n\000d\000l\000e\000r\000\050\000\051}{subsection.4.37.2}% 216
\BOOKMARK [3][-]{subsubsection.4.37.2.4}{\376\377\0004\000.\0003\0007\000.\0002\000.\0004\000\040\000p\000o\000p\000u\000l\000a\000t\000e\000W\000a\000v\000H\000e\000a\000d\000e\000r\000\050\000\051}{subsection.4.37.2}% 217
\BOOKMARK [3][-]{subsubsection.4.37.2.5}{\376\377\0004\000.\0003\0007\000.\0002\000.\0005\000\040\000w\000a\000v\000L\000o\000a\000d\000\050\000\051}{subsection.4.37.2}% 218
\BOOKMARK [3][-]{subsubsection.4.37.2.6}{\376\377\0004\000.\0003\0007\000.\0002\000.\0006\000\040\000w\000a\000v\000P\000l\000a\000y\000\050\000\051}{subsection.4.37.2}% 219
\BOOKMARK [3][-]{subsubsection.4.37.2.7}{\376\377\0004\000.\0003\0007\000.\0002\000.\0007\000\040\000w\000a\000v\000P\000l\000a\000y\000P\000i\000t\000c\000h\000e\000d\000\050\000\051}{subsection.4.37.2}% 220
\BOOKMARK [1][-]{section.4.38}{\376\377\0004\000.\0003\0008\000\040\000a\000u\000d\000i\000o\000\137\000c\000l\000a\000s\000s\000i\000f\000i\000c\000a\000t\000i\000o\000n\000.\000h}{chapter.4}% 221
\BOOKMARK [1][-]{section.4.39}{\376\377\0004\000.\0003\0009\000\040\000a\000u\000d\000i\000o\000\137\000c\000l\000a\000s\000s\000i\000f\000i\000c\000a\000t\000i\000o\000n\000.\000h}{chapter.4}% 222
\BOOKMARK [1][-]{section.4.40}{\376\377\0004\000.\0004\0000\000\040\000n\000e\000u\000r\000o\000n\000a\000l\000\137\000n\000e\000t\000w\000o\000r\000k\000/\000e\000s\000p\000\137\000c\000u\000b\000e\000a\000i\000\137\000f\000o\000r\000\137\000i\000n\000t\000e\000g\000r\000a\000t\000i\000o\000n\000/\000C\000o\000r\000e\000/\000S\000r\000c\000/\000a\000u\000d\000i\000o\000\137\000c\000l\000a\000s\000s\000i\000f\000i\000c\000a\000t\000i\000o\000n\000.\000c\000\040\000F\000i\000l\000e\000\040\000R\000e\000f\000e\000r\000e\000n\000c\000e}{chapter.4}% 223
\BOOKMARK [2][-]{subsection.4.40.1}{\376\377\0004\000.\0004\0000\000.\0001\000\040\000D\000e\000t\000a\000i\000l\000e\000d\000\040\000D\000e\000s\000c\000r\000i\000p\000t\000i\000o\000n}{section.4.40}% 224
\BOOKMARK [2][-]{subsection.4.40.2}{\376\377\0004\000.\0004\0000\000.\0002\000\040\000F\000u\000n\000c\000t\000i\000o\000n\000\040\000D\000o\000c\000u\000m\000e\000n\000t\000a\000t\000i\000o\000n}{section.4.40}% 225
\BOOKMARK [3][-]{subsubsection.4.40.2.1}{\376\377\0004\000.\0004\0000\000.\0002\000.\0001\000\040\000c\000a\000l\000c\000u\000l\000a\000t\000e\000\137\000s\000p\000e\000c\000t\000r\000o\000g\000r\000a\000m\000\137\000c\000o\000l\000u\000m\000n\000\050\000\051}{subsection.4.40.2}% 226
\BOOKMARK [3][-]{subsubsection.4.40.2.2}{\376\377\0004\000.\0004\0000\000.\0002\000.\0002\000\040\000c\000a\000l\000c\000u\000l\000a\000t\000e\000\137\000t\000o\000t\000a\000l\000\137\000c\000l\000a\000s\000s\000i\000f\000i\000c\000a\000t\000i\000o\000n\000\137\000r\000e\000s\000u\000l\000t\000\050\000\051}{subsection.4.40.2}% 227
\BOOKMARK [3][-]{subsubsection.4.40.2.3}{\376\377\0004\000.\0004\0000\000.\0002\000.\0003\000\040\000c\000l\000a\000s\000s\000i\000f\000y\000\137\000f\000i\000l\000e\000\050\000\051}{subsection.4.40.2}% 228
\BOOKMARK [3][-]{subsubsection.4.40.2.4}{\376\377\0004\000.\0004\0000\000.\0002\000.\0004\000\040\000d\000e\000\137\000i\000n\000i\000t\000\137\000n\000n\000\050\000\051}{subsection.4.40.2}% 229
\BOOKMARK [3][-]{subsubsection.4.40.2.5}{\376\377\0004\000.\0004\0000\000.\0002\000.\0005\000\040\000i\000n\000i\000t\000\137\000n\000n\000\050\000\051}{subsection.4.40.2}% 230
\BOOKMARK [3][-]{subsubsection.4.40.2.6}{\376\377\0004\000.\0004\0000\000.\0002\000.\0006\000\040\000r\000u\000n\000\137\000n\000n\000\137\000c\000l\000a\000s\000s\000i\000f\000i\000c\000a\000t\000i\000o\000n\000\050\000\051}{subsection.4.40.2}% 231
\BOOKMARK [3][-]{subsubsection.4.40.2.7}{\376\377\0004\000.\0004\0000\000.\0002\000.\0007\000\040\000s\000p\000e\000c\000t\000r\000o\000g\000r\000a\000m\000\137\000g\000e\000n\000e\000r\000a\000t\000i\000o\000n\000\137\000i\000n\000i\000t\000\050\000\051}{subsection.4.40.2}% 232
\BOOKMARK [3][-]{subsubsection.4.40.2.8}{\376\377\0004\000.\0004\0000\000.\0002\000.\0008\000\040\000s\000p\000e\000c\000t\000r\000o\000g\000r\000a\000m\000\137\000p\000o\000w\000e\000r\000\137\000t\000o\000\137\000d\000b\000\050\000\051}{subsection.4.40.2}% 233
\BOOKMARK [3][-]{subsubsection.4.40.2.9}{\376\377\0004\000.\0004\0000\000.\0002\000.\0009\000\040\000s\000t\000o\000r\000e\000\137\000c\000l\000a\000s\000s\000i\000f\000i\000c\000a\000t\000i\000o\000n\000\137\000r\000e\000s\000u\000l\000t\000\050\000\051}{subsection.4.40.2}% 234
\BOOKMARK [2][-]{subsection.4.40.3}{\376\377\0004\000.\0004\0000\000.\0003\000\040\000V\000a\000r\000i\000a\000b\000l\000e\000\040\000D\000o\000c\000u\000m\000e\000n\000t\000a\000t\000i\000o\000n}{section.4.40}% 235
\BOOKMARK [3][-]{subsubsection.4.40.3.1}{\376\377\0004\000.\0004\0000\000.\0003\000.\0001\000\040\000a\000i\000O\000u\000t\000D\000a\000t\000a\000L\000a\000b\000e\000l\000s}{subsection.4.40.3}% 236
\BOOKMARK [1][-]{section.4.41}{\376\377\0004\000.\0004\0001\000\040\000n\000e\000u\000r\000o\000n\000a\000l\000\137\000n\000e\000t\000w\000o\000r\000k\000/\000e\000s\000p\000\137\000c\000u\000b\000e\000a\000i\000\137\000t\000e\000s\000t\000/\000C\000o\000r\000e\000/\000S\000r\000c\000/\000a\000u\000d\000i\000o\000\137\000c\000l\000a\000s\000s\000i\000f\000i\000c\000a\000t\000i\000o\000n\000.\000c\000\040\000F\000i\000l\000e\000\040\000R\000e\000f\000e\000r\000e\000n\000c\000e}{chapter.4}% 237
\BOOKMARK [2][-]{subsection.4.41.1}{\376\377\0004\000.\0004\0001\000.\0001\000\040\000D\000e\000t\000a\000i\000l\000e\000d\000\040\000D\000e\000s\000c\000r\000i\000p\000t\000i\000o\000n}{section.4.41}% 238
\BOOKMARK [2][-]{subsection.4.41.2}{\376\377\0004\000.\0004\0001\000.\0002\000\040\000F\000u\000n\000c\000t\000i\000o\000n\000\040\000D\000o\000c\000u\000m\000e\000n\000t\000a\000t\000i\000o\000n}{section.4.41}% 239
\BOOKMARK [3][-]{subsubsection.4.41.2.1}{\376\377\0004\000.\0004\0001\000.\0002\000.\0001\000\040\000f\000r\000a\000m\000e\000\137\000s\000u\000b\000s\000a\000m\000p\000l\000e\000s\000\050\000\051}{subsection.4.41.2}% 240
\BOOKMARK [3][-]{subsubsection.4.41.2.2}{\376\377\0004\000.\0004\0001\000.\0002\000.\0002\000\040\000i\000n\000i\000t\000\137\000n\000n\000\050\000\051}{subsection.4.41.2}% 241
\BOOKMARK [3][-]{subsubsection.4.41.2.3}{\376\377\0004\000.\0004\0001\000.\0002\000.\0003\000\040\000P\000o\000w\000e\000r\000T\000o\000D\000b\000\050\000\051}{subsection.4.41.2}% 242
\BOOKMARK [3][-]{subsubsection.4.41.2.4}{\376\377\0004\000.\0004\0001\000.\0002\000.\0004\000\040\000p\000r\000e\000p\000r\000o\000c\000e\000s\000s\000\137\000f\000r\000a\000m\000e\000\050\000\051}{subsection.4.41.2}% 243
\BOOKMARK [3][-]{subsubsection.4.41.2.5}{\376\377\0004\000.\0004\0001\000.\0002\000.\0005\000\040\000P\000r\000e\000p\000r\000o\000c\000e\000s\000s\000i\000n\000g\000\137\000I\000n\000i\000t\000\050\000\051}{subsection.4.41.2}% 244
\BOOKMARK [3][-]{subsubsection.4.41.2.6}{\376\377\0004\000.\0004\0001\000.\0002\000.\0006\000\040\000p\000r\000o\000c\000e\000s\000s\000\137\000s\000u\000b\000s\000a\000m\000p\000l\000e\000\050\000\051}{subsection.4.41.2}% 245
\BOOKMARK [3][-]{subsubsection.4.41.2.7}{\376\377\0004\000.\0004\0001\000.\0002\000.\0007\000\040\000r\000u\000n\000\137\000n\000n\000\137\000c\000l\000a\000s\000s\000i\000f\000i\000c\000a\000t\000i\000o\000n\000\050\000\051}{subsection.4.41.2}% 246
\BOOKMARK [3][-]{subsubsection.4.41.2.8}{\376\377\0004\000.\0004\0001\000.\0002\000.\0008\000\040\000t\000e\000s\000t\000\137\000c\000a\000l\000l\000\137\000c\000l\000a\000s\000s\000i\000f\000i\000c\000a\000t\000i\000o\000n\000\050\000\051}{subsection.4.41.2}% 247
\BOOKMARK [1][-]{section.4.42}{\376\377\0004\000.\0004\0002\000\040\000f\000e\000a\000t\000u\000r\000e\000s\000c\000a\000l\000e\000r\000.\000h}{chapter.4}% 248
\BOOKMARK [1][-]{section.4.43}{\376\377\0004\000.\0004\0003\000\040\000t\000e\000s\000t\000\137\000a\000u\000d\000i\000o\000\137\000d\000a\000t\000a\000.\000h}{chapter.4}% 249
\BOOKMARK [1][-]{section.4.44}{\376\377\0004\000.\0004\0004\000\040\000u\000t\000i\000l\000s\000.\000h}{chapter.4}% 250
\BOOKMARK [0][-]{section*.57}{\376\377\000I\000n\000d\000e\000x}{}% 251
