2024-06-13 15:06:44,089 [INFO] Activator:176 - 


2024-06-13 15:06:44,094 [INFO] Activator:177 - !SESSION log4j initialized
2024-06-13 15:06:47,780 [INFO] LogOutputStream:77 - [STDOUT_REDIRECT] 
2024-06-13 15:06:48,593 [INFO] ApplicationProperties:184 - Using Application install path: /opt/st/stm32cubeide_1.15.1/plugins/com.st.stm32cube.common.mx_6.11.1.202404110753
2024-06-13 15:06:48,610 [INFO] DbMcusXml:78 - Set database path to: /opt/st/stm32cubeide_1.15.1/plugins/com.st.stm32cube.common.mx_6.11.1.202404110753//db//mcu/
2024-06-13 15:06:48,611 [INFO] ApiDb:274 - Set plugin database path to: /opt/st/stm32cubeide_1.15.1/plugins/com.st.stm32cube.common.mx_6.11.1.202404110753//db//plugins/boardmanager/
2024-06-13 15:06:48,611 [WARN] ApiDb:259 - Overriding images path with different value:  => /opt/st/stm32cubeide_1.15.1/plugins/com.st.stm32cube.common.mx_6.11.1.202404110753//db//plugins/mcufinder/images/
2024-06-13 15:06:48,623 [INFO] ApiDb:250 - Set database path to: /home/shimi/.stmcufinder/plugins/mcufinder//mcu/
2024-06-13 15:06:48,626 [INFO] DbMcusAds:125 - Set database path to: /home/shimi/.stmcufinder/plugins/mcufinder//mcu/
2024-06-13 15:06:48,628 [INFO] CrossReferenceDbSqlite:203 - Set database path to: /home/shimi/.stmcufinder/plugins/mcufinder//mcu/cs/
2024-06-13 15:06:48,743 [INFO] RulesReader:64 - Compatibility file has been processed (297 Rules)
2024-06-13 15:06:48,809 [INFO] DbMcusXml:78 - Set database path to: /opt/st/stm32cubeide_1.15.1/plugins/com.st.stm32cube.common.mx_6.11.1.202404110753//db//mcu/
2024-06-13 15:06:48,810 [INFO] ApiDb:274 - Set plugin database path to: /opt/st/stm32cubeide_1.15.1/plugins/com.st.stm32cube.common.mx_6.11.1.202404110753//db//plugins/boardmanager/
2024-06-13 15:06:48,810 [INFO] ApiDb:261 - Set plugin images path to: /opt/st/stm32cubeide_1.15.1/plugins/com.st.stm32cube.common.mx_6.11.1.202404110753//db//plugins/mcufinder/images/
2024-06-13 15:06:48,810 [WARN] DbFile:41 - Overriding database path with different value: /home/shimi/.stmcufinder/plugins/mcufinder/ => /home/shimi/.stmcufinder/plugins/mcufinder
2024-06-13 15:06:48,810 [INFO] ApiDb:250 - Set database path to: /home/shimi/.stmcufinder/plugins/mcufinder//mcu/
2024-06-13 15:06:48,810 [WARN] DbFile:41 - Overriding database path with different value: /home/shimi/.stmcufinder/plugins/mcufinder/ => /home/shimi/.stmcufinder/plugins/mcufinder
2024-06-13 15:06:48,810 [INFO] DbMcusAds:125 - Set database path to: /home/shimi/.stmcufinder/plugins/mcufinder//mcu/
2024-06-13 15:06:48,810 [WARN] DbFile:41 - Overriding database path with different value: /home/shimi/.stmcufinder/plugins/mcufinder/ => /home/shimi/.stmcufinder/plugins/mcufinder
2024-06-13 15:06:48,810 [WARN] DbFile:41 - Overriding database path with different value: /home/shimi/.stmcufinder/plugins/mcufinder/ => /home/shimi/.stmcufinder/plugins/mcufinder
2024-06-13 15:06:48,810 [INFO] CrossReferenceDbSqlite:203 - Set database path to: /home/shimi/.stmcufinder/plugins/mcufinder//mcu/cs/
2024-06-13 15:06:48,877 [INFO] MainPanel:264 - HeapMemory: 268435456
2024-06-13 15:06:48,988 [INFO] DbMcusXml:78 - Set database path to: /opt/st/stm32cubeide_1.15.1/plugins/com.st.stm32cube.common.mx_6.11.1.202404110753//db//mcu/
2024-06-13 15:06:48,989 [INFO] ApiDb:274 - Set plugin database path to: /opt/st/stm32cubeide_1.15.1/plugins/com.st.stm32cube.common.mx_6.11.1.202404110753//db//plugins/boardmanager/
2024-06-13 15:06:48,989 [INFO] ApiDb:261 - Set plugin images path to: /opt/st/stm32cubeide_1.15.1/plugins/com.st.stm32cube.common.mx_6.11.1.202404110753//db//plugins/mcufinder/images/
2024-06-13 15:06:48,989 [WARN] DbFile:41 - Overriding database path with different value: /home/shimi/.stmcufinder/plugins/mcufinder/ => /home/shimi/.stmcufinder/plugins/mcufinder
2024-06-13 15:06:48,990 [INFO] ApiDb:250 - Set database path to: /home/shimi/.stmcufinder/plugins/mcufinder//mcu/
2024-06-13 15:06:48,990 [WARN] DbFile:41 - Overriding database path with different value: /home/shimi/.stmcufinder/plugins/mcufinder/ => /home/shimi/.stmcufinder/plugins/mcufinder
2024-06-13 15:06:48,990 [INFO] DbMcusAds:125 - Set database path to: /home/shimi/.stmcufinder/plugins/mcufinder//mcu/
2024-06-13 15:06:48,990 [WARN] DbFile:41 - Overriding database path with different value: /home/shimi/.stmcufinder/plugins/mcufinder/ => /home/shimi/.stmcufinder/plugins/mcufinder
2024-06-13 15:06:48,990 [WARN] DbFile:41 - Overriding database path with different value: /home/shimi/.stmcufinder/plugins/mcufinder/ => /home/shimi/.stmcufinder/plugins/mcufinder
2024-06-13 15:06:48,990 [INFO] CrossReferenceDbSqlite:203 - Set database path to: /home/shimi/.stmcufinder/plugins/mcufinder//mcu/cs/
2024-06-13 15:06:49,004 [INFO] ApplicationProperties:184 - Using Application install path: /opt/st/stm32cubeide_1.15.1/plugins/com.st.stm32cube.common.mx_6.11.1.202404110753
2024-06-13 15:06:49,006 [INFO] PluginManage:196 - Search for loadable plugins [exclusion list=, ]
2024-06-13 15:06:49,007 [INFO] PluginManage:310 - Check plugin analytics
2024-06-13 15:06:49,150 [INFO] AnalyticsPlugin:253 - Accepted Software Licenses: STM32CubeMX.6.11.0
2024-06-13 15:06:49,150 [INFO] AnalyticsPlugin:255 - Accepted CMSIS Pack Licenses: 
2024-06-13 15:06:49,150 [INFO] AnalyticsPlugin:257 - Accepted Firmware Licenses: FW.F4.1.28.0,FW.F7.1.17.0
2024-06-13 15:06:49,153 [INFO] PluginManage:359 - Loaded plugin analytics (category:tool,tabindex:-1)
2024-06-13 15:06:49,153 [INFO] PluginManage:310 - Check plugin cadmodel
2024-06-13 15:06:49,191 [INFO] CADModel:105 - Init CAD model plugin
2024-06-13 15:06:49,191 [INFO] PluginManage:359 - Loaded plugin cadmodel (category:power,tabindex:5)
2024-06-13 15:06:49,191 [INFO] PluginManage:310 - Check plugin clock
2024-06-13 15:06:49,201 [INFO] PluginManage:359 - Loaded plugin clock (category:base,tabindex:2)
2024-06-13 15:06:49,202 [INFO] PluginManage:310 - Check plugin ddr
2024-06-13 15:06:49,204 [INFO] PluginManage:359 - Loaded plugin ddr (category:tool,tabindex:6)
2024-06-13 15:06:49,204 [INFO] PluginManage:310 - Check plugin filemanager
2024-06-13 15:06:49,327 [INFO] PluginManage:359 - Loaded plugin filemanager (category:base,tabindex:10)
2024-06-13 15:06:49,327 [INFO] PluginManage:310 - Check plugin ipmanager
2024-06-13 15:06:49,332 [INFO] PluginManage:359 - Loaded plugin ipmanager (category:base,tabindex:5)
2024-06-13 15:06:49,332 [INFO] PluginManage:310 - Check plugin lpbam
2024-06-13 15:06:49,341 [INFO] PluginManage:359 - Loaded plugin lpbam (category:base,tabindex:0)
2024-06-13 15:06:49,342 [INFO] PluginManage:310 - Check plugin memorymap
2024-06-13 15:06:49,352 [INFO] PluginManage:359 - Loaded plugin memorymap (category:base,tabindex:4)
2024-06-13 15:06:49,352 [INFO] PluginManage:310 - Check plugin pinoutandconfiguration
2024-06-13 15:06:49,361 [INFO] PluginManage:359 - Loaded plugin pinoutandconfiguration (category:base,tabindex:1)
2024-06-13 15:06:49,362 [INFO] PluginManage:310 - Check plugin pinoutconfig
2024-06-13 15:06:49,438 [WARN] SupportedApi:132 - Cannot load RTOS API schema: s4s-elt-must-match.1: The content of 'definitions' must match (annotation?, (simpleType | complexType)?, (unique | key | keyref)*)). A problem was found starting at: attribute.
2024-06-13 15:06:49,563 [INFO] PluginManage:359 - Loaded plugin pinoutconfig (category:base,tabindex:0)
2024-06-13 15:06:49,563 [INFO] PluginManage:310 - Check plugin power
2024-06-13 15:06:49,575 [INFO] PluginManage:359 - Loaded plugin power (category:power,tabindex:4)
2024-06-13 15:06:49,575 [INFO] PluginManage:310 - Check plugin projectmanager
2024-06-13 15:06:49,587 [INFO] PluginManage:359 - Loaded plugin projectmanager (category:projectmanager,tabindex:3)
2024-06-13 15:06:49,588 [INFO] PluginManage:310 - Check plugin thirdparty
2024-06-13 15:06:49,703 [INFO] PluginManage:359 - Loaded plugin thirdparty (category:base,tabindex:-1)
2024-06-13 15:06:49,703 [INFO] PluginManage:310 - Check plugin tools
2024-06-13 15:06:49,703 [WARN] IntegrityCheckThread:84 - waiting for thirdparty lock release [integrity check]
2024-06-13 15:06:49,703 [INFO] IntegrityCheckThread:86 - entering critical section [integrity check]
2024-06-13 15:06:49,704 [INFO] ThirdPartyUpdaterWithRetryManager:70 - Updater plugin not ready yet. [1/15]
2024-06-13 15:06:49,705 [INFO] PluginManage:359 - Loaded plugin tools (category:base,tabindex:7)
2024-06-13 15:06:49,705 [INFO] PluginManage:310 - Check plugin tutovideos
2024-06-13 15:06:49,855 [INFO] PluginManage:359 - Loaded plugin tutovideos (category:base,tabindex:-1)
2024-06-13 15:06:49,855 [INFO] PluginManage:310 - Check plugin updater
2024-06-13 15:06:49,877 [INFO] PluginManage:359 - Loaded plugin updater (category:base,tabindex:12)
2024-06-13 15:06:49,877 [INFO] PluginManage:310 - Check plugin userauth
2024-06-13 15:06:49,881 [INFO] UserAuth:114 - Init User Auth plugin
2024-06-13 15:06:49,882 [INFO] PluginManage:359 - Loaded plugin userauth (category:base,tabindex:14)
2024-06-13 15:06:49,882 [INFO] PluginManage:283 - PluginManage : Loaded plugins [17]
2024-06-13 15:06:50,060 [INFO] PinOutPanel:1561 - setPackage(No Configuration,No Configuration)
2024-06-13 15:06:50,116 [INFO] CADModel:165 - CPN selected for project level
2024-06-13 15:06:50,117 [INFO] CADModel:114 - Register for checkConnection events
2024-06-13 15:06:50,129 [INFO] IPUIPlugin:80 - create IPUIPlugin
2024-06-13 15:06:50,130 [INFO] PluginManager:220 - loadIPPluginJar : add spi
2024-06-13 15:06:50,132 [INFO] IPUIPlugin:80 - create IPUIPlugin
2024-06-13 15:06:50,132 [INFO] PluginManager:220 - loadIPPluginJar : add pdm2pcm
2024-06-13 15:06:50,134 [INFO] IPUIPlugin:80 - create IPUIPlugin
2024-06-13 15:06:50,134 [INFO] PluginManager:220 - loadIPPluginJar : add tim
2024-06-13 15:06:50,137 [INFO] IPUIPlugin:80 - create IPUIPlugin
2024-06-13 15:06:50,137 [INFO] PluginManager:220 - loadIPPluginJar : add extmemmanager
2024-06-13 15:06:50,146 [INFO] IPUIPlugin:80 - create IPUIPlugin
2024-06-13 15:06:50,146 [INFO] PluginManager:220 - loadIPPluginJar : add adc
2024-06-13 15:06:50,148 [INFO] IPUIPlugin:80 - create IPUIPlugin
2024-06-13 15:06:50,148 [INFO] PluginManager:220 - loadIPPluginJar : add gtzc
2024-06-13 15:06:50,150 [INFO] IPUIPlugin:80 - create IPUIPlugin
2024-06-13 15:06:50,151 [INFO] PluginManager:220 - loadIPPluginJar : add gfxmmu
2024-06-13 15:06:50,154 [INFO] IPUIPlugin:80 - create IPUIPlugin
2024-06-13 15:06:50,154 [INFO] PluginManager:220 - loadIPPluginJar : add fmc
2024-06-13 15:06:50,157 [INFO] IPUIPlugin:80 - create IPUIPlugin
2024-06-13 15:06:50,157 [INFO] PluginManager:220 - loadIPPluginJar : add i2c
2024-06-13 15:06:50,159 [INFO] IPUIPlugin:80 - create IPUIPlugin
2024-06-13 15:06:50,160 [INFO] PluginManager:220 - loadIPPluginJar : add genericplugin
2024-06-13 15:06:50,162 [INFO] IPUIPlugin:80 - create IPUIPlugin
2024-06-13 15:06:50,162 [INFO] PluginManager:220 - loadIPPluginJar : add openamp
2024-06-13 15:06:50,165 [INFO] IPUIPlugin:80 - create IPUIPlugin
2024-06-13 15:06:50,165 [INFO] PluginManager:220 - loadIPPluginJar : add ipddr
2024-06-13 15:06:50,167 [INFO] IPUIPlugin:80 - create IPUIPlugin
2024-06-13 15:06:50,167 [INFO] PluginManager:220 - loadIPPluginJar : add hash
2024-06-13 15:06:50,170 [INFO] IPUIPlugin:80 - create IPUIPlugin
2024-06-13 15:06:50,170 [INFO] PluginManager:220 - loadIPPluginJar : add i3c
2024-06-13 15:06:50,172 [INFO] IPUIPlugin:80 - create IPUIPlugin
2024-06-13 15:06:50,172 [INFO] PluginManager:220 - loadIPPluginJar : add aes
2024-06-13 15:06:50,176 [INFO] IPUIPlugin:80 - create IPUIPlugin
2024-06-13 15:06:50,176 [INFO] PluginManager:220 - loadIPPluginJar : add opamp
2024-06-13 15:06:50,178 [INFO] IPUIPlugin:80 - create IPUIPlugin
2024-06-13 15:06:50,178 [INFO] PluginManager:220 - loadIPPluginJar : add i2s
2024-06-13 15:06:50,183 [INFO] IPUIPlugin:80 - create IPUIPlugin
2024-06-13 15:06:50,184 [INFO] PluginManager:220 - loadIPPluginJar : add mdma
2024-06-13 15:06:50,185 [INFO] IPUIPlugin:80 - create IPUIPlugin
2024-06-13 15:06:50,186 [INFO] PluginManager:220 - loadIPPluginJar : add ts
2024-06-13 15:06:50,187 [INFO] IPUIPlugin:80 - create IPUIPlugin
2024-06-13 15:06:50,187 [INFO] PluginManager:220 - loadIPPluginJar : add fatfs
2024-06-13 15:06:50,193 [INFO] IPUIPlugin:80 - create IPUIPlugin
2024-06-13 15:06:50,196 [INFO] PluginManager:220 - loadIPPluginJar : add plateformsettings
2024-06-13 15:06:50,197 [INFO] IPUIPlugin:80 - create IPUIPlugin
2024-06-13 15:06:50,197 [INFO] PluginManager:220 - loadIPPluginJar : add tsc
2024-06-13 15:06:50,199 [INFO] IPUIPlugin:80 - create IPUIPlugin
2024-06-13 15:06:50,199 [INFO] PluginManager:220 - loadIPPluginJar : add ucpd
2024-06-13 15:06:50,204 [INFO] IPUIPlugin:80 - create IPUIPlugin
2024-06-13 15:06:50,205 [INFO] PluginManager:220 - loadIPPluginJar : add linkedlist
2024-06-13 15:06:50,206 [INFO] IPUIPlugin:80 - create IPUIPlugin
2024-06-13 15:06:50,206 [INFO] PluginManager:220 - loadIPPluginJar : add ltdc
2024-06-13 15:06:50,211 [INFO] IPUIPlugin:80 - create IPUIPlugin
2024-06-13 15:06:50,211 [INFO] PluginManager:220 - loadIPPluginJar : add freertos
2024-06-13 15:06:50,214 [INFO] IPUIPlugin:80 - create IPUIPlugin
2024-06-13 15:06:50,215 [INFO] PluginManager:220 - loadIPPluginJar : add nvic
2024-06-13 15:06:50,219 [INFO] IPUIPlugin:80 - create IPUIPlugin
2024-06-13 15:06:50,219 [INFO] PluginManager:220 - loadIPPluginJar : add stm32_wpan
2024-06-13 15:06:50,222 [INFO] IPUIPlugin:80 - create IPUIPlugin
2024-06-13 15:06:50,222 [INFO] PluginManager:220 - loadIPPluginJar : add resmgrutility
2024-06-13 15:06:50,226 [INFO] IPUIPlugin:80 - create IPUIPlugin
2024-06-13 15:06:50,226 [INFO] PluginManager:220 - loadIPPluginJar : add gpio
2024-06-13 15:06:50,228 [INFO] IPUIPlugin:80 - create IPUIPlugin
2024-06-13 15:06:50,229 [INFO] PluginManager:220 - loadIPPluginJar : add usbx
2024-06-13 15:06:50,233 [INFO] IPUIPlugin:80 - create IPUIPlugin
2024-06-13 15:06:50,233 [INFO] PluginManager:220 - loadIPPluginJar : add gic
2024-06-13 15:06:50,236 [INFO] IPUIPlugin:80 - create IPUIPlugin
2024-06-13 15:06:50,236 [INFO] PluginManager:220 - loadIPPluginJar : add touchsensing
2024-06-13 15:06:50,241 [INFO] IPUIPlugin:80 - create IPUIPlugin
2024-06-13 15:06:50,241 [INFO] PluginManager:220 - loadIPPluginJar : add dma
2024-06-13 15:06:50,243 [INFO] IPUIPlugin:80 - create IPUIPlugin
2024-06-13 15:06:50,244 [INFO] PluginManager:220 - loadIPPluginJar : add usart
2024-06-13 15:06:50,246 [INFO] IPUIPlugin:80 - create IPUIPlugin
2024-06-13 15:06:50,246 [INFO] PluginManager:220 - loadIPPluginJar : add sai
2024-06-13 15:06:50,248 [INFO] IPUIPlugin:80 - create IPUIPlugin
2024-06-13 15:06:50,249 [INFO] PluginManager:220 - loadIPPluginJar : add lorawan
2024-06-13 15:06:50,250 [INFO] IPUIPlugin:80 - create IPUIPlugin
2024-06-13 15:06:50,251 [INFO] PluginManager:220 - loadIPPluginJar : add tracer_emb
2024-06-13 15:06:50,253 [INFO] IPUIPlugin:80 - create IPUIPlugin
2024-06-13 15:06:50,253 [INFO] PluginManager:220 - loadIPPluginJar : add cryp
2024-06-13 15:06:50,255 [INFO] IPUIPlugin:80 - create IPUIPlugin
2024-06-13 15:06:50,255 [INFO] PluginManager:220 - loadIPPluginJar : add dma3
2024-06-13 15:06:50,256 [INFO] IPUIPlugin:80 - create IPUIPlugin
2024-06-13 15:06:50,257 [INFO] PluginManager:220 - loadIPPluginJar : add comp
2024-06-13 15:06:50,259 [INFO] IPUIPlugin:80 - create IPUIPlugin
2024-06-13 15:06:50,259 [INFO] PluginManager:220 - loadIPPluginJar : add dfsdm
2024-06-13 15:06:50,261 [INFO] IPUIPlugin:80 - create IPUIPlugin
2024-06-13 15:06:50,262 [INFO] PluginManager:220 - loadIPPluginJar : add can
2024-06-13 15:06:50,263 [INFO] IPUIPlugin:80 - create IPUIPlugin
2024-06-13 15:06:50,263 [INFO] PluginManager:220 - loadIPPluginJar : add quadspi
2024-06-13 15:06:50,362 [INFO] CADModel:165 - CPN selected for project level
2024-06-13 15:06:50,362 [INFO] CADModel:114 - Register for checkConnection events
2024-06-13 15:06:50,362 [FATAL] Updater:308 - Updater called before beeing initialized
2024-06-13 15:06:50,362 [ERROR] CADModel:125 - Updater not yet initialized, retry later 
2024-06-13 15:06:50,470 [INFO] CADModel:165 - CPN selected for project level
2024-06-13 15:06:50,470 [INFO] CADModel:114 - Register for checkConnection events
2024-06-13 15:06:50,470 [FATAL] Updater:308 - Updater called before beeing initialized
2024-06-13 15:06:50,470 [ERROR] CADModel:125 - Updater not yet initialized, retry later 
2024-06-13 15:06:50,474 [FATAL] Updater:308 - Updater called before beeing initialized
2024-06-13 15:06:50,539 [FATAL] Updater:308 - Updater called before beeing initialized
2024-06-13 15:06:50,544 [INFO] DbMcusAds:53 - JSON generation date=Thu May 16 11:22:00 CEST 2024 (1715851320667)
2024-06-13 15:06:50,544 [FATAL] Updater:308 - Updater called before beeing initialized
2024-06-13 15:06:50,573 [WARN] DetailPanel:346 - Failed to get advertising image, set to default
2024-06-13 15:06:50,657 [FATAL] Updater:308 - Updater called before beeing initialized
2024-06-13 15:06:50,659 [FATAL] Updater:308 - Updater called before beeing initialized
2024-06-13 15:06:50,660 [FATAL] Updater:308 - Updater called before beeing initialized
2024-06-13 15:06:50,660 [WARN] DetailPanel:346 - Failed to get advertising image, set to default
2024-06-13 15:06:50,660 [FATAL] Updater:308 - Updater called before beeing initialized
2024-06-13 15:06:50,690 [ERROR] Updater:1120 - MainUpdater not yet initialized. External WinMGr cannot be set.
2024-06-13 15:06:50,693 [INFO] Updater:1056 - Updater Version found : 6.11.1
2024-06-13 15:06:50,726 [INFO] ApplicationProperties:184 - Using Application install path: /opt/st/stm32cubeide_1.15.1/plugins/com.st.stm32cube.common.mx_6.11.1.202404110753
2024-06-13 15:06:51,003 [INFO] MainUpdater:2873 - connection check result : 10
2024-06-13 15:06:51,004 [INFO] MainUpdater:290 - Updater Check For Update Now.
2024-06-13 15:06:51,004 [INFO] MicroXplorer:498 - Change Database Version : DB.6.0.111
2024-06-13 15:06:51,008 [INFO] McuFinderGlobals:63 - Set McuFinder mode to 2 (CubeIDE integrated)
2024-06-13 15:06:51,013 [INFO] UserAuth:415 - Internet connection configuration mode: 1
2024-06-13 15:06:51,027 [INFO] JxBrowserEngine:152 - Initiate JxBrowser Engine with user profile folder
2024-06-13 15:06:51,167 [INFO] CheckServerUpdateThread:120 - End of CheckServer Thread
2024-06-13 15:06:51,903 [INFO] WebApp:161 - Instantiating new browser for Auth
2024-06-13 15:06:52,500 [INFO] WebApp:779 - Register for checkConnection events
2024-06-13 15:06:52,501 [INFO] WebApp:414 - Apply proxy settings
2024-06-13 15:06:52,501 [INFO] WebApp:499 - Chromium requires no authentication
2024-06-13 15:06:52,507 [INFO] WebApp:442 - Direct internet connection detected
2024-06-13 15:06:52,625 [INFO] WebApp:192 - Starting web application
2024-06-13 15:06:52,625 [INFO] WebApp:544 - Web application path used /opt/st/stm32cubeide_1.15.1/plugins/com.st.stm32cube.common.mx_6.11.1.202404110753/db/plugins/mcufinder/reactClient1/index.html
2024-06-13 15:06:52,832 [WARN] PackLoader:240 - Cannot read IP mode file for STMicroelectronics.FP-SNS-MOTENVWB1.1.4.0
2024-06-13 15:06:52,844 [WARN] PackLoader:240 - Cannot read IP mode file for STMicroelectronics.X-CUBE-SMBUS.2.1.0
2024-06-13 15:06:52,849 [WARN] PackLoader:240 - Cannot read IP mode file for STMicroelectronics.X-CUBE-TOUCHGFX.4.23.2
2024-06-13 15:06:52,875 [WARN] PackLoader:240 - Cannot read IP mode file for STMicroelectronics.X-CUBE-AZRTOS-F7.1.1.0
2024-06-13 15:06:52,885 [WARN] PackLoader:240 - Cannot read IP mode file for STMicroelectronics.FP-SNS-FLIGHT1.5.0.2
2024-06-13 15:06:52,892 [WARN] PackLoader:240 - Cannot read IP mode file for STMicroelectronics.X-CUBE-DISPLAY.3.0.0
2024-06-13 15:06:52,906 [WARN] PackLoader:240 - Cannot read IP mode file for STMicroelectronics.X-CUBE-BLE1.7.0.0
2024-06-13 15:06:52,910 [WARN] PackLoader:240 - Cannot read IP mode file for emotas.I-CUBE-CANOPEN.1.3.0
2024-06-13 15:06:52,919 [WARN] PackLoader:240 - Cannot read IP mode file for STMicroelectronics.X-CUBE-BLEMGR.3.1.0
2024-06-13 15:06:52,926 [WARN] PackLoader:240 - Cannot read IP mode file for STMicroelectronics.FP-SNS-SMARTAG2.1.2.0
2024-06-13 15:06:52,934 [INFO] LogOutputStream:77 - [STDOUT_REDIRECT] 1 : Invalid condition id : UX_CORESTACK_Condition cause : null
2024-06-13 15:06:52,935 [INFO] LogOutputStream:77 - [STDOUT_REDIRECT] 1 : Invalid condition id : UX_CORESTACK_Condition cause : null
2024-06-13 15:06:52,935 [INFO] LogOutputStream:77 - [STDOUT_REDIRECT] 1 : Invalid condition id : UX_CORESTACK_Condition cause : null
2024-06-13 15:06:52,935 [INFO] LogOutputStream:77 - [STDOUT_REDIRECT] 1 : Invalid condition id : UX_CORESTACK_Condition cause : null
2024-06-13 15:06:52,935 [INFO] LogOutputStream:77 - [STDOUT_REDIRECT] 1 : Invalid condition id : UX_CORESTACK_Condition cause : null
2024-06-13 15:06:52,938 [WARN] PackLoader:240 - Cannot read IP mode file for STMicroelectronics.X-CUBE-AZRTOS-WL.2.0.0
2024-06-13 15:06:52,944 [WARN] PackLoader:240 - Cannot read IP mode file for STMicroelectronics.FP-SNS-MOTENV1.5.0.0
2024-06-13 15:06:52,952 [WARN] PackLoader:240 - Cannot read IP mode file for WES.I-CUBE-Cesium.1.3.0
2024-06-13 15:06:52,956 [WARN] PackLoader:240 - Cannot read IP mode file for STMicroelectronics.X-CUBE-BLE2.3.3.0
2024-06-13 15:06:52,961 [WARN] PackLoader:240 - Cannot read IP mode file for STMicroelectronics.X-CUBE-TCPP.4.1.0
2024-06-13 15:06:52,967 [WARN] PackLoader:240 - Cannot read IP mode file for STMicroelectronics.X-CUBE-ALGOBUILD.1.3.0
2024-06-13 15:06:52,980 [WARN] PackLoader:240 - Cannot read IP mode file for STMicroelectronics.X-CUBE-AZRTOS-G0.1.1.0
2024-06-13 15:06:52,986 [WARN] PackLoader:240 - Cannot read IP mode file for STMicroelectronics.X-CUBE-SAFEA1.1.2.2
2024-06-13 15:06:52,991 [WARN] PackLoader:240 - Cannot read IP mode file for STMicroelectronics.X-CUBE-NFC4.3.0.0
2024-06-13 15:06:52,995 [WARN] PackLoader:240 - Cannot read IP mode file for wolfSSL.I-CUBE-wolfMQTT.1.18.0
2024-06-13 15:06:52,997 [WARN] PackLoader:240 - Cannot read IP mode file for wolfSSL.I-CUBE-wolfSSL.5.7.0
2024-06-13 15:06:53,000 [WARN] PackLoader:240 - Cannot read IP mode file for STMicroelectronics.FP-ATR-SIGFOX1.3.2.0
2024-06-13 15:06:53,004 [WARN] PackLoader:240 - Cannot read IP mode file for STMicroelectronics.X-CUBE-EEPRMA1.5.1.0
2024-06-13 15:06:53,011 [WARN] PackLoader:240 - Cannot read IP mode file for ITTIA_DB.I-CUBE-ITTIADB.8.9.0
2024-06-13 15:06:53,029 [WARN] PackLoader:240 - Cannot read IP mode file for SEGGER.I-CUBE-embOS.1.3.1
2024-06-13 15:06:53,096 [WARN] PackLoader:240 - Cannot read IP mode file for STMicroelectronics.X-CUBE-ALGOBUILD.1.4.0
2024-06-13 15:06:53,105 [WARN] PackLoader:240 - Cannot read IP mode file for STMicroelectronics.X-CUBE-GNSS1.6.0.0
2024-06-13 15:06:53,136 [WARN] PackLoader:240 - Cannot read IP mode file for STMicroelectronics.X-CUBE-AZRTOS-F4.1.1.0
2024-06-13 15:06:53,146 [WARN] PackLoader:240 - Cannot read IP mode file for STMicroelectronics.X-CUBE-FREERTOS.1.2.0
2024-06-13 15:06:53,161 [WARN] PackLoader:240 - Cannot read IP mode file for STMicroelectronics.X-CUBE-AZRTOS-L5.2.0.0
2024-06-13 15:06:53,169 [WARN] PackLoader:240 - Cannot read IP mode file for STMicroelectronics.X-CUBE-NFC6.3.1.0
2024-06-13 15:06:53,174 [WARN] PackLoader:240 - Cannot read IP mode file for STMicroelectronics.X-CUBE-AI.9.0.0
2024-06-13 15:06:53,177 [WARN] PackLoader:240 - Cannot read IP mode file for STMicroelectronics.X-CUBE-NFC7.1.0.1
2024-06-13 15:06:53,192 [WARN] ConditionMgr:438 - getConditionDescription Invalid condition id : LAN8742 Phy interface Condition cause : null
2024-06-13 15:06:53,193 [WARN] PackLoader:240 - Cannot read IP mode file for STMicroelectronics.X-CUBE-AZRTOS-L4.2.0.0
2024-06-13 15:06:53,197 [WARN] ConditionMgr:1039 - genDependencies : Invalid condition id : LAN8742 Phy interface Condition cause : null
2024-06-13 15:06:53,198 [WARN] ConditionMgr:1039 - genDependencies : Invalid condition id : LAN8742 Phy interface Condition cause : null
2024-06-13 15:06:53,199 [WARN] ConditionMgr:1039 - genDependencies : Invalid condition id : LAN8742 Phy interface Condition cause : null
2024-06-13 15:06:53,204 [WARN] PackLoader:240 - Cannot read IP mode file for STMicroelectronics.X-CUBE-SFXS2LP1.4.0.0
2024-06-13 15:06:53,215 [WARN] ConditionMgr:438 - getConditionDescription Invalid condition id : UX DEVICE CLASS RTOS Condition cause : null
2024-06-13 15:06:53,215 [WARN] ConditionMgr:438 - getConditionDescription Invalid condition id : UX DEVICE CLASS RTOS Condition cause : null
2024-06-13 15:06:53,216 [WARN] PackLoader:240 - Cannot read IP mode file for STMicroelectronics.X-CUBE-AZRTOS-WB.2.0.0
2024-06-13 15:06:53,217 [WARN] ConditionMgr:1039 - genDependencies : Invalid condition id : UX DEVICE CLASS RTOS Condition cause : null
2024-06-13 15:06:53,217 [WARN] ConditionMgr:1039 - genDependencies : Invalid condition id : UX DEVICE CLASS RTOS Condition cause : null
2024-06-13 15:06:53,218 [WARN] ConditionMgr:1039 - genDependencies : Invalid condition id : UX DEVICE CLASS RTOS Condition cause : null
2024-06-13 15:06:53,218 [WARN] ConditionMgr:1039 - genDependencies : Invalid condition id : UX DEVICE CLASS RTOS Condition cause : null
2024-06-13 15:06:53,218 [WARN] ConditionMgr:1039 - genDependencies : Invalid condition id : UX DEVICE CLASS RTOS Condition cause : null
2024-06-13 15:06:53,226 [WARN] PackLoader:240 - Cannot read IP mode file for STMicroelectronics.X-CUBE-SUBG2.5.0.0
2024-06-13 15:06:53,235 [WARN] PackLoader:240 - Cannot read IP mode file for Cesanta.I-CUBE-Mongoose.7.13.0
2024-06-13 15:06:53,245 [WARN] PackLoader:240 - Cannot read IP mode file for STMicroelectronics.X-CUBE-AZRTOS-G4.2.0.0
2024-06-13 15:06:53,249 [WARN] PackLoader:240 - Cannot read IP mode file for STMicroelectronics.X-CUBE-ISPU.2.0.0
2024-06-13 15:06:53,252 [WARN] PackLoader:240 - Cannot read IP mode file for STMicroelectronics.X-CUBE-ALS.1.0.2
2024-06-13 15:06:53,291 [WARN] PackLoader:240 - Cannot read IP mode file for STMicroelectronics.X-CUBE-MEMS1.10.0.0
2024-06-13 15:06:53,427 [WARN] PackLoader:240 - Cannot read IP mode file for portGmbH.I-Cube-SoM-uGOAL.1.1.0
2024-06-13 15:06:53,430 [WARN] PackLoader:240 - Cannot read IP mode file for STMicroelectronics.X-CUBE-ALS.1.0.1
2024-06-13 15:06:53,442 [WARN] PackLoader:240 - Cannot read IP mode file for STMicroelectronics.X-CUBE-AZRTOS-H7RS.1.0.0
2024-06-13 15:06:53,447 [WARN] PackLoader:240 - Cannot read IP mode file for STMicroelectronics.FP-ATR-ASTRA1.2.0.0
2024-06-13 15:06:53,455 [WARN] PackLoader:240 - Cannot read IP mode file for STMicroelectronics.X-CUBE-TOF1.3.4.1
2024-06-13 15:06:53,487 [WARN] PackLoader:240 - Cannot read IP mode file for STMicroelectronics.X-CUBE-AZRTOS-H7.3.2.0
2024-06-13 15:06:53,502 [WARN] PackLoader:240 - Cannot read IP mode file for Infineon.AIROC-Wi-Fi-Bluetooth-STM32.1.6.0
2024-06-13 15:06:53,507 [INFO] ThirdParty:978 - Integrity check success = true
2024-06-13 15:06:53,507 [INFO] IntegrityCheckThread:100 - exiting critical section [integrity check]
2024-06-13 15:06:53,507 [INFO] IntegrityCheckThread:103 - End integrity checks thread
2024-06-13 15:23:08,363 [INFO] Activator:176 - 


2024-06-13 15:23:08,365 [INFO] Activator:177 - !SESSION log4j initialized
2024-06-13 15:23:11,913 [INFO] LogOutputStream:77 - [STDOUT_REDIRECT] 
2024-06-13 15:23:12,562 [INFO] ApplicationProperties:184 - Using Application install path: /opt/st/stm32cubeide_1.15.1/plugins/com.st.stm32cube.common.mx_6.11.1.202404110753
2024-06-13 15:23:12,581 [INFO] DbMcusXml:78 - Set database path to: /opt/st/stm32cubeide_1.15.1/plugins/com.st.stm32cube.common.mx_6.11.1.202404110753//db//mcu/
2024-06-13 15:23:12,581 [INFO] ApiDb:274 - Set plugin database path to: /opt/st/stm32cubeide_1.15.1/plugins/com.st.stm32cube.common.mx_6.11.1.202404110753//db//plugins/boardmanager/
2024-06-13 15:23:12,581 [WARN] ApiDb:259 - Overriding images path with different value:  => /opt/st/stm32cubeide_1.15.1/plugins/com.st.stm32cube.common.mx_6.11.1.202404110753//db//plugins/mcufinder/images/
2024-06-13 15:23:12,586 [INFO] ApiDb:250 - Set database path to: /home/shimi/.stmcufinder/plugins/mcufinder//mcu/
2024-06-13 15:23:12,587 [INFO] DbMcusAds:125 - Set database path to: /home/shimi/.stmcufinder/plugins/mcufinder//mcu/
2024-06-13 15:23:12,590 [INFO] CrossReferenceDbSqlite:203 - Set database path to: /home/shimi/.stmcufinder/plugins/mcufinder//mcu/cs/
2024-06-13 15:23:12,725 [INFO] RulesReader:64 - Compatibility file has been processed (297 Rules)
2024-06-13 15:23:12,793 [INFO] DbMcusXml:78 - Set database path to: /opt/st/stm32cubeide_1.15.1/plugins/com.st.stm32cube.common.mx_6.11.1.202404110753//db//mcu/
2024-06-13 15:23:12,794 [INFO] ApiDb:274 - Set plugin database path to: /opt/st/stm32cubeide_1.15.1/plugins/com.st.stm32cube.common.mx_6.11.1.202404110753//db//plugins/boardmanager/
2024-06-13 15:23:12,794 [INFO] ApiDb:261 - Set plugin images path to: /opt/st/stm32cubeide_1.15.1/plugins/com.st.stm32cube.common.mx_6.11.1.202404110753//db//plugins/mcufinder/images/
2024-06-13 15:23:12,794 [WARN] DbFile:41 - Overriding database path with different value: /home/shimi/.stmcufinder/plugins/mcufinder/ => /home/shimi/.stmcufinder/plugins/mcufinder
2024-06-13 15:23:12,794 [INFO] ApiDb:250 - Set database path to: /home/shimi/.stmcufinder/plugins/mcufinder//mcu/
2024-06-13 15:23:12,794 [WARN] DbFile:41 - Overriding database path with different value: /home/shimi/.stmcufinder/plugins/mcufinder/ => /home/shimi/.stmcufinder/plugins/mcufinder
2024-06-13 15:23:12,794 [INFO] DbMcusAds:125 - Set database path to: /home/shimi/.stmcufinder/plugins/mcufinder//mcu/
2024-06-13 15:23:12,794 [WARN] DbFile:41 - Overriding database path with different value: /home/shimi/.stmcufinder/plugins/mcufinder/ => /home/shimi/.stmcufinder/plugins/mcufinder
2024-06-13 15:23:12,794 [WARN] DbFile:41 - Overriding database path with different value: /home/shimi/.stmcufinder/plugins/mcufinder/ => /home/shimi/.stmcufinder/plugins/mcufinder
2024-06-13 15:23:12,795 [INFO] CrossReferenceDbSqlite:203 - Set database path to: /home/shimi/.stmcufinder/plugins/mcufinder//mcu/cs/
2024-06-13 15:23:12,858 [INFO] MainPanel:264 - HeapMemory: 268435456
2024-06-13 15:23:12,968 [INFO] DbMcusXml:78 - Set database path to: /opt/st/stm32cubeide_1.15.1/plugins/com.st.stm32cube.common.mx_6.11.1.202404110753//db//mcu/
2024-06-13 15:23:12,968 [INFO] ApiDb:274 - Set plugin database path to: /opt/st/stm32cubeide_1.15.1/plugins/com.st.stm32cube.common.mx_6.11.1.202404110753//db//plugins/boardmanager/
2024-06-13 15:23:12,969 [INFO] ApiDb:261 - Set plugin images path to: /opt/st/stm32cubeide_1.15.1/plugins/com.st.stm32cube.common.mx_6.11.1.202404110753//db//plugins/mcufinder/images/
2024-06-13 15:23:12,969 [WARN] DbFile:41 - Overriding database path with different value: /home/shimi/.stmcufinder/plugins/mcufinder/ => /home/shimi/.stmcufinder/plugins/mcufinder
2024-06-13 15:23:12,969 [INFO] ApiDb:250 - Set database path to: /home/shimi/.stmcufinder/plugins/mcufinder//mcu/
2024-06-13 15:23:12,969 [WARN] DbFile:41 - Overriding database path with different value: /home/shimi/.stmcufinder/plugins/mcufinder/ => /home/shimi/.stmcufinder/plugins/mcufinder
2024-06-13 15:23:12,969 [INFO] DbMcusAds:125 - Set database path to: /home/shimi/.stmcufinder/plugins/mcufinder//mcu/
2024-06-13 15:23:12,969 [WARN] DbFile:41 - Overriding database path with different value: /home/shimi/.stmcufinder/plugins/mcufinder/ => /home/shimi/.stmcufinder/plugins/mcufinder
2024-06-13 15:23:12,969 [WARN] DbFile:41 - Overriding database path with different value: /home/shimi/.stmcufinder/plugins/mcufinder/ => /home/shimi/.stmcufinder/plugins/mcufinder
2024-06-13 15:23:12,969 [INFO] CrossReferenceDbSqlite:203 - Set database path to: /home/shimi/.stmcufinder/plugins/mcufinder//mcu/cs/
2024-06-13 15:23:12,986 [INFO] ApplicationProperties:184 - Using Application install path: /opt/st/stm32cubeide_1.15.1/plugins/com.st.stm32cube.common.mx_6.11.1.202404110753
2024-06-13 15:23:12,988 [INFO] PluginManage:196 - Search for loadable plugins [exclusion list=, ]
2024-06-13 15:23:12,990 [INFO] PluginManage:310 - Check plugin analytics
2024-06-13 15:23:13,143 [INFO] AnalyticsPlugin:253 - Accepted Software Licenses: STM32CubeMX.6.11.0
2024-06-13 15:23:13,143 [INFO] AnalyticsPlugin:255 - Accepted CMSIS Pack Licenses: 
2024-06-13 15:23:13,143 [INFO] AnalyticsPlugin:257 - Accepted Firmware Licenses: FW.F4.1.28.0,FW.F7.1.17.0
2024-06-13 15:23:13,145 [INFO] PluginManage:359 - Loaded plugin analytics (category:tool,tabindex:-1)
2024-06-13 15:23:13,146 [INFO] PluginManage:310 - Check plugin cadmodel
2024-06-13 15:23:13,164 [INFO] CADModel:105 - Init CAD model plugin
2024-06-13 15:23:13,164 [INFO] PluginManage:359 - Loaded plugin cadmodel (category:power,tabindex:5)
2024-06-13 15:23:13,164 [INFO] PluginManage:310 - Check plugin clock
2024-06-13 15:23:13,172 [INFO] PluginManage:359 - Loaded plugin clock (category:base,tabindex:2)
2024-06-13 15:23:13,172 [INFO] PluginManage:310 - Check plugin ddr
2024-06-13 15:23:13,174 [INFO] PluginManage:359 - Loaded plugin ddr (category:tool,tabindex:6)
2024-06-13 15:23:13,174 [INFO] PluginManage:310 - Check plugin filemanager
2024-06-13 15:23:13,292 [INFO] PluginManage:359 - Loaded plugin filemanager (category:base,tabindex:10)
2024-06-13 15:23:13,293 [INFO] PluginManage:310 - Check plugin ipmanager
2024-06-13 15:23:13,298 [INFO] PluginManage:359 - Loaded plugin ipmanager (category:base,tabindex:5)
2024-06-13 15:23:13,298 [INFO] PluginManage:310 - Check plugin lpbam
2024-06-13 15:23:13,306 [INFO] PluginManage:359 - Loaded plugin lpbam (category:base,tabindex:0)
2024-06-13 15:23:13,306 [INFO] PluginManage:310 - Check plugin memorymap
2024-06-13 15:23:13,317 [INFO] PluginManage:359 - Loaded plugin memorymap (category:base,tabindex:4)
2024-06-13 15:23:13,317 [INFO] PluginManage:310 - Check plugin pinoutandconfiguration
2024-06-13 15:23:13,324 [INFO] PluginManage:359 - Loaded plugin pinoutandconfiguration (category:base,tabindex:1)
2024-06-13 15:23:13,324 [INFO] PluginManage:310 - Check plugin pinoutconfig
2024-06-13 15:23:13,403 [WARN] SupportedApi:132 - Cannot load RTOS API schema: s4s-elt-must-match.1: The content of 'definitions' must match (annotation?, (simpleType | complexType)?, (unique | key | keyref)*)). A problem was found starting at: attribute.
2024-06-13 15:23:13,538 [INFO] PluginManage:359 - Loaded plugin pinoutconfig (category:base,tabindex:0)
2024-06-13 15:23:13,538 [INFO] PluginManage:310 - Check plugin power
2024-06-13 15:23:13,546 [INFO] PluginManage:359 - Loaded plugin power (category:power,tabindex:4)
2024-06-13 15:23:13,546 [INFO] PluginManage:310 - Check plugin projectmanager
2024-06-13 15:23:13,559 [INFO] PluginManage:359 - Loaded plugin projectmanager (category:projectmanager,tabindex:3)
2024-06-13 15:23:13,559 [INFO] PluginManage:310 - Check plugin thirdparty
2024-06-13 15:23:13,664 [INFO] PluginManage:359 - Loaded plugin thirdparty (category:base,tabindex:-1)
2024-06-13 15:23:13,664 [WARN] IntegrityCheckThread:84 - waiting for thirdparty lock release [integrity check]
2024-06-13 15:23:13,665 [INFO] PluginManage:310 - Check plugin tools
2024-06-13 15:23:13,665 [INFO] IntegrityCheckThread:86 - entering critical section [integrity check]
2024-06-13 15:23:13,665 [INFO] ThirdPartyUpdaterWithRetryManager:70 - Updater plugin not ready yet. [1/15]
2024-06-13 15:23:13,667 [INFO] PluginManage:359 - Loaded plugin tools (category:base,tabindex:7)
2024-06-13 15:23:13,667 [INFO] PluginManage:310 - Check plugin tutovideos
2024-06-13 15:23:13,816 [INFO] PluginManage:359 - Loaded plugin tutovideos (category:base,tabindex:-1)
2024-06-13 15:23:13,817 [INFO] PluginManage:310 - Check plugin updater
2024-06-13 15:23:13,825 [INFO] PluginManage:359 - Loaded plugin updater (category:base,tabindex:12)
2024-06-13 15:23:13,825 [INFO] PluginManage:310 - Check plugin userauth
2024-06-13 15:23:13,830 [INFO] UserAuth:114 - Init User Auth plugin
2024-06-13 15:23:13,830 [INFO] PluginManage:359 - Loaded plugin userauth (category:base,tabindex:14)
2024-06-13 15:23:13,831 [INFO] PluginManage:283 - PluginManage : Loaded plugins [17]
2024-06-13 15:23:13,992 [INFO] PinOutPanel:1561 - setPackage(No Configuration,No Configuration)
2024-06-13 15:23:14,045 [INFO] CADModel:165 - CPN selected for project level
2024-06-13 15:23:14,045 [INFO] CADModel:114 - Register for checkConnection events
2024-06-13 15:23:14,055 [INFO] IPUIPlugin:80 - create IPUIPlugin
2024-06-13 15:23:14,055 [INFO] PluginManager:220 - loadIPPluginJar : add spi
2024-06-13 15:23:14,057 [INFO] IPUIPlugin:80 - create IPUIPlugin
2024-06-13 15:23:14,057 [INFO] PluginManager:220 - loadIPPluginJar : add pdm2pcm
2024-06-13 15:23:14,058 [INFO] IPUIPlugin:80 - create IPUIPlugin
2024-06-13 15:23:14,059 [INFO] PluginManager:220 - loadIPPluginJar : add tim
2024-06-13 15:23:14,062 [INFO] IPUIPlugin:80 - create IPUIPlugin
2024-06-13 15:23:14,062 [INFO] PluginManager:220 - loadIPPluginJar : add extmemmanager
2024-06-13 15:23:14,069 [INFO] IPUIPlugin:80 - create IPUIPlugin
2024-06-13 15:23:14,070 [INFO] PluginManager:220 - loadIPPluginJar : add adc
2024-06-13 15:23:14,072 [INFO] IPUIPlugin:80 - create IPUIPlugin
2024-06-13 15:23:14,072 [INFO] PluginManager:220 - loadIPPluginJar : add gtzc
2024-06-13 15:23:14,073 [INFO] IPUIPlugin:80 - create IPUIPlugin
2024-06-13 15:23:14,073 [INFO] PluginManager:220 - loadIPPluginJar : add gfxmmu
2024-06-13 15:23:14,076 [INFO] IPUIPlugin:80 - create IPUIPlugin
2024-06-13 15:23:14,077 [INFO] PluginManager:220 - loadIPPluginJar : add fmc
2024-06-13 15:23:14,078 [INFO] IPUIPlugin:80 - create IPUIPlugin
2024-06-13 15:23:14,079 [INFO] PluginManager:220 - loadIPPluginJar : add i2c
2024-06-13 15:23:14,080 [INFO] IPUIPlugin:80 - create IPUIPlugin
2024-06-13 15:23:14,080 [INFO] PluginManager:220 - loadIPPluginJar : add genericplugin
2024-06-13 15:23:14,082 [INFO] IPUIPlugin:80 - create IPUIPlugin
2024-06-13 15:23:14,082 [INFO] PluginManager:220 - loadIPPluginJar : add openamp
2024-06-13 15:23:14,084 [INFO] IPUIPlugin:80 - create IPUIPlugin
2024-06-13 15:23:14,084 [INFO] PluginManager:220 - loadIPPluginJar : add ipddr
2024-06-13 15:23:14,086 [INFO] IPUIPlugin:80 - create IPUIPlugin
2024-06-13 15:23:14,086 [INFO] PluginManager:220 - loadIPPluginJar : add hash
2024-06-13 15:23:14,088 [INFO] IPUIPlugin:80 - create IPUIPlugin
2024-06-13 15:23:14,088 [INFO] PluginManager:220 - loadIPPluginJar : add i3c
2024-06-13 15:23:14,090 [INFO] IPUIPlugin:80 - create IPUIPlugin
2024-06-13 15:23:14,090 [INFO] PluginManager:220 - loadIPPluginJar : add aes
2024-06-13 15:23:14,093 [INFO] IPUIPlugin:80 - create IPUIPlugin
2024-06-13 15:23:14,093 [INFO] PluginManager:220 - loadIPPluginJar : add opamp
2024-06-13 15:23:14,095 [INFO] IPUIPlugin:80 - create IPUIPlugin
2024-06-13 15:23:14,096 [INFO] PluginManager:220 - loadIPPluginJar : add i2s
2024-06-13 15:23:14,102 [INFO] IPUIPlugin:80 - create IPUIPlugin
2024-06-13 15:23:14,103 [INFO] PluginManager:220 - loadIPPluginJar : add mdma
2024-06-13 15:23:14,105 [INFO] IPUIPlugin:80 - create IPUIPlugin
2024-06-13 15:23:14,105 [INFO] PluginManager:220 - loadIPPluginJar : add ts
2024-06-13 15:23:14,107 [INFO] IPUIPlugin:80 - create IPUIPlugin
2024-06-13 15:23:14,107 [INFO] PluginManager:220 - loadIPPluginJar : add fatfs
2024-06-13 15:23:14,111 [INFO] IPUIPlugin:80 - create IPUIPlugin
2024-06-13 15:23:14,115 [INFO] PluginManager:220 - loadIPPluginJar : add plateformsettings
2024-06-13 15:23:14,116 [INFO] IPUIPlugin:80 - create IPUIPlugin
2024-06-13 15:23:14,116 [INFO] PluginManager:220 - loadIPPluginJar : add tsc
2024-06-13 15:23:14,118 [INFO] IPUIPlugin:80 - create IPUIPlugin
2024-06-13 15:23:14,118 [INFO] PluginManager:220 - loadIPPluginJar : add ucpd
2024-06-13 15:23:14,123 [INFO] IPUIPlugin:80 - create IPUIPlugin
2024-06-13 15:23:14,123 [INFO] PluginManager:220 - loadIPPluginJar : add linkedlist
2024-06-13 15:23:14,124 [INFO] IPUIPlugin:80 - create IPUIPlugin
2024-06-13 15:23:14,124 [INFO] PluginManager:220 - loadIPPluginJar : add ltdc
2024-06-13 15:23:14,128 [INFO] IPUIPlugin:80 - create IPUIPlugin
2024-06-13 15:23:14,128 [INFO] PluginManager:220 - loadIPPluginJar : add freertos
2024-06-13 15:23:14,131 [INFO] IPUIPlugin:80 - create IPUIPlugin
2024-06-13 15:23:14,131 [INFO] PluginManager:220 - loadIPPluginJar : add nvic
2024-06-13 15:23:14,134 [INFO] IPUIPlugin:80 - create IPUIPlugin
2024-06-13 15:23:14,135 [INFO] PluginManager:220 - loadIPPluginJar : add stm32_wpan
2024-06-13 15:23:14,137 [INFO] IPUIPlugin:80 - create IPUIPlugin
2024-06-13 15:23:14,137 [INFO] PluginManager:220 - loadIPPluginJar : add resmgrutility
2024-06-13 15:23:14,140 [INFO] IPUIPlugin:80 - create IPUIPlugin
2024-06-13 15:23:14,140 [INFO] PluginManager:220 - loadIPPluginJar : add gpio
2024-06-13 15:23:14,142 [INFO] IPUIPlugin:80 - create IPUIPlugin
2024-06-13 15:23:14,142 [INFO] PluginManager:220 - loadIPPluginJar : add usbx
2024-06-13 15:23:14,146 [INFO] IPUIPlugin:80 - create IPUIPlugin
2024-06-13 15:23:14,146 [INFO] PluginManager:220 - loadIPPluginJar : add gic
2024-06-13 15:23:14,149 [INFO] IPUIPlugin:80 - create IPUIPlugin
2024-06-13 15:23:14,149 [INFO] PluginManager:220 - loadIPPluginJar : add touchsensing
2024-06-13 15:23:14,153 [INFO] IPUIPlugin:80 - create IPUIPlugin
2024-06-13 15:23:14,154 [INFO] PluginManager:220 - loadIPPluginJar : add dma
2024-06-13 15:23:14,155 [INFO] IPUIPlugin:80 - create IPUIPlugin
2024-06-13 15:23:14,155 [INFO] PluginManager:220 - loadIPPluginJar : add usart
2024-06-13 15:23:14,157 [INFO] IPUIPlugin:80 - create IPUIPlugin
2024-06-13 15:23:14,158 [INFO] PluginManager:220 - loadIPPluginJar : add sai
2024-06-13 15:23:14,159 [INFO] IPUIPlugin:80 - create IPUIPlugin
2024-06-13 15:23:14,160 [INFO] PluginManager:220 - loadIPPluginJar : add lorawan
2024-06-13 15:23:14,161 [INFO] IPUIPlugin:80 - create IPUIPlugin
2024-06-13 15:23:14,161 [INFO] PluginManager:220 - loadIPPluginJar : add tracer_emb
2024-06-13 15:23:14,163 [INFO] IPUIPlugin:80 - create IPUIPlugin
2024-06-13 15:23:14,163 [INFO] PluginManager:220 - loadIPPluginJar : add cryp
2024-06-13 15:23:14,165 [INFO] IPUIPlugin:80 - create IPUIPlugin
2024-06-13 15:23:14,165 [INFO] PluginManager:220 - loadIPPluginJar : add dma3
2024-06-13 15:23:14,166 [INFO] IPUIPlugin:80 - create IPUIPlugin
2024-06-13 15:23:14,166 [INFO] PluginManager:220 - loadIPPluginJar : add comp
2024-06-13 15:23:14,168 [INFO] IPUIPlugin:80 - create IPUIPlugin
2024-06-13 15:23:14,168 [INFO] PluginManager:220 - loadIPPluginJar : add dfsdm
2024-06-13 15:23:14,170 [INFO] IPUIPlugin:80 - create IPUIPlugin
2024-06-13 15:23:14,170 [INFO] PluginManager:220 - loadIPPluginJar : add can
2024-06-13 15:23:14,171 [INFO] IPUIPlugin:80 - create IPUIPlugin
2024-06-13 15:23:14,171 [INFO] PluginManager:220 - loadIPPluginJar : add quadspi
2024-06-13 15:23:14,267 [INFO] CADModel:165 - CPN selected for project level
2024-06-13 15:23:14,267 [INFO] CADModel:114 - Register for checkConnection events
2024-06-13 15:23:14,267 [FATAL] Updater:308 - Updater called before beeing initialized
2024-06-13 15:23:14,267 [ERROR] CADModel:125 - Updater not yet initialized, retry later 
2024-06-13 15:23:14,383 [INFO] CADModel:165 - CPN selected for project level
2024-06-13 15:23:14,383 [INFO] CADModel:114 - Register for checkConnection events
2024-06-13 15:23:14,383 [FATAL] Updater:308 - Updater called before beeing initialized
2024-06-13 15:23:14,383 [ERROR] CADModel:125 - Updater not yet initialized, retry later 
2024-06-13 15:23:14,387 [FATAL] Updater:308 - Updater called before beeing initialized
2024-06-13 15:23:14,465 [FATAL] Updater:308 - Updater called before beeing initialized
2024-06-13 15:23:14,468 [INFO] DbMcusAds:53 - JSON generation date=Thu May 16 11:22:00 CEST 2024 (1715851320667)
2024-06-13 15:23:14,468 [FATAL] Updater:308 - Updater called before beeing initialized
2024-06-13 15:23:14,494 [WARN] DetailPanel:346 - Failed to get advertising image, set to default
2024-06-13 15:23:14,593 [FATAL] Updater:308 - Updater called before beeing initialized
2024-06-13 15:23:14,596 [FATAL] Updater:308 - Updater called before beeing initialized
2024-06-13 15:23:14,596 [FATAL] Updater:308 - Updater called before beeing initialized
2024-06-13 15:23:14,596 [WARN] DetailPanel:346 - Failed to get advertising image, set to default
2024-06-13 15:23:14,597 [FATAL] Updater:308 - Updater called before beeing initialized
2024-06-13 15:23:14,623 [ERROR] Updater:1120 - MainUpdater not yet initialized. External WinMGr cannot be set.
2024-06-13 15:23:14,624 [INFO] Updater:1056 - Updater Version found : 6.11.1
2024-06-13 15:23:14,639 [INFO] ApplicationProperties:184 - Using Application install path: /opt/st/stm32cubeide_1.15.1/plugins/com.st.stm32cube.common.mx_6.11.1.202404110753
2024-06-13 15:23:14,894 [INFO] MainUpdater:2873 - connection check result : 10
2024-06-13 15:23:14,895 [INFO] MainUpdater:290 - Updater Check For Update Now.
2024-06-13 15:23:14,895 [INFO] MicroXplorer:498 - Change Database Version : DB.6.0.111
2024-06-13 15:23:14,899 [INFO] McuFinderGlobals:63 - Set McuFinder mode to 2 (CubeIDE integrated)
2024-06-13 15:23:14,903 [INFO] UserAuth:415 - Internet connection configuration mode: 1
2024-06-13 15:23:14,913 [INFO] JxBrowserEngine:152 - Initiate JxBrowser Engine with user profile folder
2024-06-13 15:23:15,056 [INFO] CheckServerUpdateThread:120 - End of CheckServer Thread
2024-06-13 15:23:15,387 [INFO] WebApp:161 - Instantiating new browser for Auth
2024-06-13 15:23:15,810 [INFO] WebApp:779 - Register for checkConnection events
2024-06-13 15:23:15,811 [INFO] WebApp:414 - Apply proxy settings
2024-06-13 15:23:15,811 [INFO] WebApp:499 - Chromium requires no authentication
2024-06-13 15:23:15,816 [INFO] WebApp:442 - Direct internet connection detected
2024-06-13 15:23:15,929 [INFO] WebApp:192 - Starting web application
2024-06-13 15:23:15,929 [INFO] WebApp:544 - Web application path used /opt/st/stm32cubeide_1.15.1/plugins/com.st.stm32cube.common.mx_6.11.1.202404110753/db/plugins/mcufinder/reactClient1/index.html
2024-06-13 15:23:16,800 [WARN] PackLoader:240 - Cannot read IP mode file for STMicroelectronics.FP-SNS-MOTENVWB1.1.4.0
2024-06-13 15:23:16,809 [WARN] PackLoader:240 - Cannot read IP mode file for STMicroelectronics.X-CUBE-SMBUS.2.1.0
2024-06-13 15:23:16,812 [WARN] PackLoader:240 - Cannot read IP mode file for STMicroelectronics.X-CUBE-TOUCHGFX.4.23.2
2024-06-13 15:23:16,835 [WARN] PackLoader:240 - Cannot read IP mode file for STMicroelectronics.X-CUBE-AZRTOS-F7.1.1.0
2024-06-13 15:23:16,842 [WARN] PackLoader:240 - Cannot read IP mode file for STMicroelectronics.FP-SNS-FLIGHT1.5.0.2
2024-06-13 15:23:16,849 [WARN] PackLoader:240 - Cannot read IP mode file for STMicroelectronics.X-CUBE-DISPLAY.3.0.0
2024-06-13 15:23:16,861 [WARN] PackLoader:240 - Cannot read IP mode file for STMicroelectronics.X-CUBE-BLE1.7.0.0
2024-06-13 15:23:16,865 [WARN] PackLoader:240 - Cannot read IP mode file for emotas.I-CUBE-CANOPEN.1.3.0
2024-06-13 15:23:16,873 [WARN] PackLoader:240 - Cannot read IP mode file for STMicroelectronics.X-CUBE-BLEMGR.3.1.0
2024-06-13 15:23:16,879 [WARN] PackLoader:240 - Cannot read IP mode file for STMicroelectronics.FP-SNS-SMARTAG2.1.2.0
2024-06-13 15:23:16,886 [INFO] LogOutputStream:77 - [STDOUT_REDIRECT] 1 : Invalid condition id : UX_CORESTACK_Condition cause : null
2024-06-13 15:23:16,887 [INFO] LogOutputStream:77 - [STDOUT_REDIRECT] 1 : Invalid condition id : UX_CORESTACK_Condition cause : null
2024-06-13 15:23:16,887 [INFO] LogOutputStream:77 - [STDOUT_REDIRECT] 1 : Invalid condition id : UX_CORESTACK_Condition cause : null
2024-06-13 15:23:16,887 [INFO] LogOutputStream:77 - [STDOUT_REDIRECT] 1 : Invalid condition id : UX_CORESTACK_Condition cause : null
2024-06-13 15:23:16,888 [INFO] LogOutputStream:77 - [STDOUT_REDIRECT] 1 : Invalid condition id : UX_CORESTACK_Condition cause : null
2024-06-13 15:23:16,890 [WARN] PackLoader:240 - Cannot read IP mode file for STMicroelectronics.X-CUBE-AZRTOS-WL.2.0.0
2024-06-13 15:23:16,894 [WARN] PackLoader:240 - Cannot read IP mode file for STMicroelectronics.FP-SNS-MOTENV1.5.0.0
2024-06-13 15:23:16,901 [WARN] PackLoader:240 - Cannot read IP mode file for WES.I-CUBE-Cesium.1.3.0
2024-06-13 15:23:16,904 [WARN] PackLoader:240 - Cannot read IP mode file for STMicroelectronics.X-CUBE-BLE2.3.3.0
2024-06-13 15:23:16,908 [WARN] PackLoader:240 - Cannot read IP mode file for STMicroelectronics.X-CUBE-TCPP.4.1.0
2024-06-13 15:23:16,915 [WARN] PackLoader:240 - Cannot read IP mode file for STMicroelectronics.X-CUBE-ALGOBUILD.1.3.0
2024-06-13 15:23:16,926 [WARN] PackLoader:240 - Cannot read IP mode file for STMicroelectronics.X-CUBE-AZRTOS-G0.1.1.0
2024-06-13 15:23:16,932 [WARN] PackLoader:240 - Cannot read IP mode file for STMicroelectronics.X-CUBE-SAFEA1.1.2.2
2024-06-13 15:23:16,937 [WARN] PackLoader:240 - Cannot read IP mode file for STMicroelectronics.X-CUBE-NFC4.3.0.0
2024-06-13 15:23:16,941 [WARN] PackLoader:240 - Cannot read IP mode file for wolfSSL.I-CUBE-wolfMQTT.1.18.0
2024-06-13 15:23:16,943 [WARN] PackLoader:240 - Cannot read IP mode file for wolfSSL.I-CUBE-wolfSSL.5.7.0
2024-06-13 15:23:16,945 [WARN] PackLoader:240 - Cannot read IP mode file for STMicroelectronics.FP-ATR-SIGFOX1.3.2.0
2024-06-13 15:23:16,949 [WARN] PackLoader:240 - Cannot read IP mode file for STMicroelectronics.X-CUBE-EEPRMA1.5.1.0
2024-06-13 15:23:16,955 [WARN] PackLoader:240 - Cannot read IP mode file for ITTIA_DB.I-CUBE-ITTIADB.8.9.0
2024-06-13 15:23:16,982 [WARN] PackLoader:240 - Cannot read IP mode file for SEGGER.I-CUBE-embOS.1.3.1
2024-06-13 15:23:17,060 [WARN] PackLoader:240 - Cannot read IP mode file for STMicroelectronics.X-CUBE-ALGOBUILD.1.4.0
2024-06-13 15:23:17,066 [WARN] PackLoader:240 - Cannot read IP mode file for STMicroelectronics.X-CUBE-GNSS1.6.0.0
2024-06-13 15:23:17,077 [WARN] PackLoader:240 - Cannot read IP mode file for STMicroelectronics.X-CUBE-AZRTOS-F4.1.1.0
2024-06-13 15:23:17,083 [WARN] PackLoader:240 - Cannot read IP mode file for STMicroelectronics.X-CUBE-FREERTOS.1.2.0
2024-06-13 15:23:17,094 [WARN] PackLoader:240 - Cannot read IP mode file for STMicroelectronics.X-CUBE-AZRTOS-L5.2.0.0
2024-06-13 15:23:17,102 [WARN] PackLoader:240 - Cannot read IP mode file for STMicroelectronics.X-CUBE-NFC6.3.1.0
2024-06-13 15:23:17,119 [WARN] PackLoader:240 - Cannot read IP mode file for STMicroelectronics.X-CUBE-AI.9.0.0
2024-06-13 15:23:17,122 [WARN] PackLoader:240 - Cannot read IP mode file for STMicroelectronics.X-CUBE-NFC7.1.0.1
2024-06-13 15:23:17,135 [WARN] ConditionMgr:438 - getConditionDescription Invalid condition id : LAN8742 Phy interface Condition cause : null
2024-06-13 15:23:17,136 [WARN] PackLoader:240 - Cannot read IP mode file for STMicroelectronics.X-CUBE-AZRTOS-L4.2.0.0
2024-06-13 15:23:17,137 [WARN] ConditionMgr:1039 - genDependencies : Invalid condition id : LAN8742 Phy interface Condition cause : null
2024-06-13 15:23:17,138 [WARN] ConditionMgr:1039 - genDependencies : Invalid condition id : LAN8742 Phy interface Condition cause : null
2024-06-13 15:23:17,138 [WARN] ConditionMgr:1039 - genDependencies : Invalid condition id : LAN8742 Phy interface Condition cause : null
2024-06-13 15:23:17,143 [WARN] PackLoader:240 - Cannot read IP mode file for STMicroelectronics.X-CUBE-SFXS2LP1.4.0.0
2024-06-13 15:23:17,153 [WARN] ConditionMgr:438 - getConditionDescription Invalid condition id : UX DEVICE CLASS RTOS Condition cause : null
2024-06-13 15:23:17,153 [WARN] ConditionMgr:438 - getConditionDescription Invalid condition id : UX DEVICE CLASS RTOS Condition cause : null
2024-06-13 15:23:17,155 [WARN] PackLoader:240 - Cannot read IP mode file for STMicroelectronics.X-CUBE-AZRTOS-WB.2.0.0
2024-06-13 15:23:17,155 [WARN] ConditionMgr:1039 - genDependencies : Invalid condition id : UX DEVICE CLASS RTOS Condition cause : null
2024-06-13 15:23:17,155 [WARN] ConditionMgr:1039 - genDependencies : Invalid condition id : UX DEVICE CLASS RTOS Condition cause : null
2024-06-13 15:23:17,156 [WARN] ConditionMgr:1039 - genDependencies : Invalid condition id : UX DEVICE CLASS RTOS Condition cause : null
2024-06-13 15:23:17,156 [WARN] ConditionMgr:1039 - genDependencies : Invalid condition id : UX DEVICE CLASS RTOS Condition cause : null
2024-06-13 15:23:17,156 [WARN] ConditionMgr:1039 - genDependencies : Invalid condition id : UX DEVICE CLASS RTOS Condition cause : null
2024-06-13 15:23:17,163 [WARN] PackLoader:240 - Cannot read IP mode file for STMicroelectronics.X-CUBE-SUBG2.5.0.0
2024-06-13 15:23:17,180 [WARN] PackLoader:240 - Cannot read IP mode file for Cesanta.I-CUBE-Mongoose.7.13.0
2024-06-13 15:23:17,189 [WARN] PackLoader:240 - Cannot read IP mode file for STMicroelectronics.X-CUBE-AZRTOS-G4.2.0.0
2024-06-13 15:23:17,198 [WARN] PackLoader:240 - Cannot read IP mode file for STMicroelectronics.X-CUBE-ISPU.2.0.0
2024-06-13 15:23:17,201 [WARN] PackLoader:240 - Cannot read IP mode file for STMicroelectronics.X-CUBE-ALS.1.0.2
2024-06-13 15:23:17,227 [WARN] PackLoader:240 - Cannot read IP mode file for STMicroelectronics.X-CUBE-MEMS1.10.0.0
2024-06-13 15:23:17,370 [WARN] PackLoader:240 - Cannot read IP mode file for portGmbH.I-Cube-SoM-uGOAL.1.1.0
2024-06-13 15:23:17,373 [WARN] PackLoader:240 - Cannot read IP mode file for STMicroelectronics.X-CUBE-ALS.1.0.1
2024-06-13 15:23:17,390 [WARN] PackLoader:240 - Cannot read IP mode file for STMicroelectronics.X-CUBE-AZRTOS-H7RS.1.0.0
2024-06-13 15:23:17,394 [WARN] PackLoader:240 - Cannot read IP mode file for STMicroelectronics.FP-ATR-ASTRA1.2.0.0
2024-06-13 15:23:17,402 [WARN] PackLoader:240 - Cannot read IP mode file for STMicroelectronics.X-CUBE-TOF1.3.4.1
2024-06-13 15:23:17,434 [WARN] PackLoader:240 - Cannot read IP mode file for STMicroelectronics.X-CUBE-AZRTOS-H7.3.2.0
2024-06-13 15:23:17,446 [WARN] PackLoader:240 - Cannot read IP mode file for Infineon.AIROC-Wi-Fi-Bluetooth-STM32.1.6.0
2024-06-13 15:23:17,459 [INFO] ThirdParty:978 - Integrity check success = true
2024-06-13 15:23:17,460 [INFO] IntegrityCheckThread:100 - exiting critical section [integrity check]
2024-06-13 15:23:17,460 [INFO] IntegrityCheckThread:103 - End integrity checks thread
